{"uid":"5b13a04518b264bc","name":"Переход на страницу с жалобами","fullName":"tests.test_excursium.TestUserCases#test_user_report_problem","historyId":"6ccf52d0675463b7f2ebb26dc5cf7f58","time":{"start":1753621283820,"stop":1753621300927,"duration":17107},"description":"Пользовательский сценарий перехода на вкладку с экскурсиями и на страницу с жалобами","descriptionHtml":"<p>Пользовательский сценарий перехода на вкладку с экскурсиями и на страницу с жалобами</p>\n","status":"broken","statusMessage":"selenium.common.exceptions.NoSuchElementException: Message: no such element: Unable to locate element: {\"method\":\"xpath\",\"selector\":\"//div/p/a[@href='/About/Contact#from-feedback']\"}\n  (Session info: chrome=138.0.7204.168); For documentation on this error, please visit: https://www.selenium.dev/documentation/webdriver/troubleshooting/errors#nosuchelementexception\nStacktrace:\n#0 0x5611d586587a <unknown>\n#1 0x5611d530a2e0 <unknown>\n#2 0x5611d535be00 <unknown>\n#3 0x5611d535bff1 <unknown>\n#4 0x5611d53aa324 <unknown>\n#5 0x5611d53818dd <unknown>\n#6 0x5611d53a771c <unknown>\n#7 0x5611d5381683 <unknown>\n#8 0x5611d534db5b <unknown>\n#9 0x5611d534ef31 <unknown>\n#10 0x5611d582a7cb <unknown>\n#11 0x5611d582e5d4 <unknown>\n#12 0x5611d58112c9 <unknown>\n#13 0x5611d582f178 <unknown>\n#14 0x5611d57f56bf <unknown>\n#15 0x5611d5852e78 <unknown>\n#16 0x5611d5853056 <unknown>\n#17 0x5611d5864b96 <unknown>\n#18 0x7f45b530b1f5 <unknown>","statusTrace":"self = <test_excursium.TestUserCases object at 0x7fb9457eb5c0>\ndriver = <selenium.webdriver.chrome.webdriver.WebDriver (session=\"c805bcfca97df03780279ccef9201e23\")>\n\n    @allure.title(\"Переход на страницу с жалобами\")\n    @allure.severity(\"Normal\")\n    @pytest.mark.user_case\n    def test_user_report_problem(self, driver):\n        \"\"\"Пользовательский сценарий перехода на вкладку с экскурсиями и на страницу с жалобами\"\"\"\n        main_page = MainPage(driver)\n    \n        with allure.step(\"Открываем страницу\"):\n            driver.get(config.base_url)\n    \n        with allure.step(\"Переходим на страницу с экскурсиями\"):\n            driver.find_element(*main_page.all_excursion_btn).click()\n    \n        with allure.step(\"Находим и скролим до кнопки отправки жалобы\"):\n>           report_btn = driver.find_element(*main_page.report_btn)\n                         ^^^^^^^^^^^^^^^^^^^^^^^^^^^^^^^^^^^^^^^^^^\n\ntests/test_excursium.py:114: \n_ _ _ _ _ _ _ _ _ _ _ _ _ _ _ _ _ _ _ _ _ _ _ _ _ _ _ _ _ _ _ _ _ _ _ _ _ _ _ _ \n/usr/local/lib/python3.13/site-packages/selenium/webdriver/remote/webdriver.py:922: in find_element\n    return self.execute(Command.FIND_ELEMENT, {\"using\": by, \"value\": value})[\"value\"]\n           ^^^^^^^^^^^^^^^^^^^^^^^^^^^^^^^^^^^^^^^^^^^^^^^^^^^^^^^^^^^^^^^^^\n/usr/local/lib/python3.13/site-packages/selenium/webdriver/remote/webdriver.py:454: in execute\n    self.error_handler.check_response(response)\n_ _ _ _ _ _ _ _ _ _ _ _ _ _ _ _ _ _ _ _ _ _ _ _ _ _ _ _ _ _ _ _ _ _ _ _ _ _ _ _ \n\nself = <selenium.webdriver.remote.errorhandler.ErrorHandler object at 0x7fb9455ed450>\nresponse = {'status': 404, 'value': '{\"value\":{\"error\":\"no such element\",\"message\":\"no such element: Unable to locate element: {\\...\\\\n#16 0x5611d5853056 \\\\u003Cunknown>\\\\n#17 0x5611d5864b96 \\\\u003Cunknown>\\\\n#18 0x7f45b530b1f5 \\\\u003Cunknown>\\\\n\"}}'}\n\n    def check_response(self, response: dict[str, Any]) -> None:\n        \"\"\"Checks that a JSON response from the WebDriver does not have an\n        error.\n    \n        :Args:\n         - response - The JSON response from the WebDriver server as a dictionary\n           object.\n    \n        :Raises: If the response contains an error message.\n        \"\"\"\n        status = response.get(\"status\", None)\n        if not status or status == ErrorCode.SUCCESS:\n            return\n        value = None\n        message = response.get(\"message\", \"\")\n        screen: str = response.get(\"screen\", \"\")\n        stacktrace = None\n        if isinstance(status, int):\n            value_json = response.get(\"value\", None)\n            if value_json and isinstance(value_json, str):\n                try:\n                    value = json.loads(value_json)\n                    if isinstance(value, dict):\n                        if len(value) == 1:\n                            value = value[\"value\"]\n                        status = value.get(\"error\", None)\n                        if not status:\n                            status = value.get(\"status\", ErrorCode.UNKNOWN_ERROR)\n                            message = value.get(\"value\") or value.get(\"message\")\n                            if not isinstance(message, str):\n                                value = message\n                                message = message.get(\"message\")\n                        else:\n                            message = value.get(\"message\", None)\n                except ValueError:\n                    pass\n    \n        exception_class: type[WebDriverException]\n        e = ErrorCode()\n        error_codes = [item for item in dir(e) if not item.startswith(\"__\")]\n        for error_code in error_codes:\n            error_info = getattr(ErrorCode, error_code)\n            if isinstance(error_info, list) and status in error_info:\n                exception_class = getattr(ExceptionMapping, error_code, WebDriverException)\n                break\n        else:\n            exception_class = WebDriverException\n    \n        if not value:\n            value = response[\"value\"]\n        if isinstance(value, str):\n            raise exception_class(value)\n        if message == \"\" and \"message\" in value:\n            message = value[\"message\"]\n    \n        screen = None  # type: ignore[assignment]\n        if \"screen\" in value:\n            screen = value[\"screen\"]\n    \n        stacktrace = None\n        st_value = value.get(\"stackTrace\") or value.get(\"stacktrace\")\n        if st_value:\n            if isinstance(st_value, str):\n                stacktrace = st_value.split(\"\\n\")\n            else:\n                stacktrace = []\n                try:\n                    for frame in st_value:\n                        line = frame.get(\"lineNumber\", \"\")\n                        file = frame.get(\"fileName\", \"<anonymous>\")\n                        if line:\n                            file = f\"{file}:{line}\"\n                        meth = frame.get(\"methodName\", \"<anonymous>\")\n                        if \"className\" in frame:\n                            meth = f\"{frame['className']}.{meth}\"\n                        msg = \"    at %s (%s)\"\n                        msg = msg % (meth, file)\n                        stacktrace.append(msg)\n                except TypeError:\n                    pass\n        if exception_class == UnexpectedAlertPresentException:\n            alert_text = None\n            if \"data\" in value:\n                alert_text = value[\"data\"].get(\"text\")\n            elif \"alert\" in value:\n                alert_text = value[\"alert\"].get(\"text\")\n            raise exception_class(message, screen, stacktrace, alert_text)  # type: ignore[call-arg]  # mypy is not smart enough here\n>       raise exception_class(message, screen, stacktrace)\nE       selenium.common.exceptions.NoSuchElementException: Message: no such element: Unable to locate element: {\"method\":\"xpath\",\"selector\":\"//div/p/a[@href='/About/Contact#from-feedback']\"}\nE         (Session info: chrome=138.0.7204.168); For documentation on this error, please visit: https://www.selenium.dev/documentation/webdriver/troubleshooting/errors#nosuchelementexception\nE       Stacktrace:\nE       #0 0x5611d586587a <unknown>\nE       #1 0x5611d530a2e0 <unknown>\nE       #2 0x5611d535be00 <unknown>\nE       #3 0x5611d535bff1 <unknown>\nE       #4 0x5611d53aa324 <unknown>\nE       #5 0x5611d53818dd <unknown>\nE       #6 0x5611d53a771c <unknown>\nE       #7 0x5611d5381683 <unknown>\nE       #8 0x5611d534db5b <unknown>\nE       #9 0x5611d534ef31 <unknown>\nE       #10 0x5611d582a7cb <unknown>\nE       #11 0x5611d582e5d4 <unknown>\nE       #12 0x5611d58112c9 <unknown>\nE       #13 0x5611d582f178 <unknown>\nE       #14 0x5611d57f56bf <unknown>\nE       #15 0x5611d5852e78 <unknown>\nE       #16 0x5611d5853056 <unknown>\nE       #17 0x5611d5864b96 <unknown>\nE       #18 0x7f45b530b1f5 <unknown>\n\n/usr/local/lib/python3.13/site-packages/selenium/webdriver/remote/errorhandler.py:232: NoSuchElementException","flaky":false,"newFailed":false,"newBroken":true,"newPassed":false,"retriesCount":0,"retriesStatusChange":false,"beforeStages":[{"name":"driver","time":{"start":1753621283525,"stop":1753621283820,"duration":295},"status":"passed","steps":[],"attachments":[],"parameters":[],"shouldDisplayMessage":false,"stepsCount":0,"attachmentsCount":0,"hasContent":false,"attachmentStep":false}],"testStage":{"description":"Пользовательский сценарий перехода на вкладку с экскурсиями и на страницу с жалобами","status":"broken","statusMessage":"selenium.common.exceptions.NoSuchElementException: Message: no such element: Unable to locate element: {\"method\":\"xpath\",\"selector\":\"//div/p/a[@href='/About/Contact#from-feedback']\"}\n  (Session info: chrome=138.0.7204.168); For documentation on this error, please visit: https://www.selenium.dev/documentation/webdriver/troubleshooting/errors#nosuchelementexception\nStacktrace:\n#0 0x5611d586587a <unknown>\n#1 0x5611d530a2e0 <unknown>\n#2 0x5611d535be00 <unknown>\n#3 0x5611d535bff1 <unknown>\n#4 0x5611d53aa324 <unknown>\n#5 0x5611d53818dd <unknown>\n#6 0x5611d53a771c <unknown>\n#7 0x5611d5381683 <unknown>\n#8 0x5611d534db5b <unknown>\n#9 0x5611d534ef31 <unknown>\n#10 0x5611d582a7cb <unknown>\n#11 0x5611d582e5d4 <unknown>\n#12 0x5611d58112c9 <unknown>\n#13 0x5611d582f178 <unknown>\n#14 0x5611d57f56bf <unknown>\n#15 0x5611d5852e78 <unknown>\n#16 0x5611d5853056 <unknown>\n#17 0x5611d5864b96 <unknown>\n#18 0x7f45b530b1f5 <unknown>","statusTrace":"self = <test_excursium.TestUserCases object at 0x7fb9457eb5c0>\ndriver = <selenium.webdriver.chrome.webdriver.WebDriver (session=\"c805bcfca97df03780279ccef9201e23\")>\n\n    @allure.title(\"Переход на страницу с жалобами\")\n    @allure.severity(\"Normal\")\n    @pytest.mark.user_case\n    def test_user_report_problem(self, driver):\n        \"\"\"Пользовательский сценарий перехода на вкладку с экскурсиями и на страницу с жалобами\"\"\"\n        main_page = MainPage(driver)\n    \n        with allure.step(\"Открываем страницу\"):\n            driver.get(config.base_url)\n    \n        with allure.step(\"Переходим на страницу с экскурсиями\"):\n            driver.find_element(*main_page.all_excursion_btn).click()\n    \n        with allure.step(\"Находим и скролим до кнопки отправки жалобы\"):\n>           report_btn = driver.find_element(*main_page.report_btn)\n                         ^^^^^^^^^^^^^^^^^^^^^^^^^^^^^^^^^^^^^^^^^^\n\ntests/test_excursium.py:114: \n_ _ _ _ _ _ _ _ _ _ _ _ _ _ _ _ _ _ _ _ _ _ _ _ _ _ _ _ _ _ _ _ _ _ _ _ _ _ _ _ \n/usr/local/lib/python3.13/site-packages/selenium/webdriver/remote/webdriver.py:922: in find_element\n    return self.execute(Command.FIND_ELEMENT, {\"using\": by, \"value\": value})[\"value\"]\n           ^^^^^^^^^^^^^^^^^^^^^^^^^^^^^^^^^^^^^^^^^^^^^^^^^^^^^^^^^^^^^^^^^\n/usr/local/lib/python3.13/site-packages/selenium/webdriver/remote/webdriver.py:454: in execute\n    self.error_handler.check_response(response)\n_ _ _ _ _ _ _ _ _ _ _ _ _ _ _ _ _ _ _ _ _ _ _ _ _ _ _ _ _ _ _ _ _ _ _ _ _ _ _ _ \n\nself = <selenium.webdriver.remote.errorhandler.ErrorHandler object at 0x7fb9455ed450>\nresponse = {'status': 404, 'value': '{\"value\":{\"error\":\"no such element\",\"message\":\"no such element: Unable to locate element: {\\...\\\\n#16 0x5611d5853056 \\\\u003Cunknown>\\\\n#17 0x5611d5864b96 \\\\u003Cunknown>\\\\n#18 0x7f45b530b1f5 \\\\u003Cunknown>\\\\n\"}}'}\n\n    def check_response(self, response: dict[str, Any]) -> None:\n        \"\"\"Checks that a JSON response from the WebDriver does not have an\n        error.\n    \n        :Args:\n         - response - The JSON response from the WebDriver server as a dictionary\n           object.\n    \n        :Raises: If the response contains an error message.\n        \"\"\"\n        status = response.get(\"status\", None)\n        if not status or status == ErrorCode.SUCCESS:\n            return\n        value = None\n        message = response.get(\"message\", \"\")\n        screen: str = response.get(\"screen\", \"\")\n        stacktrace = None\n        if isinstance(status, int):\n            value_json = response.get(\"value\", None)\n            if value_json and isinstance(value_json, str):\n                try:\n                    value = json.loads(value_json)\n                    if isinstance(value, dict):\n                        if len(value) == 1:\n                            value = value[\"value\"]\n                        status = value.get(\"error\", None)\n                        if not status:\n                            status = value.get(\"status\", ErrorCode.UNKNOWN_ERROR)\n                            message = value.get(\"value\") or value.get(\"message\")\n                            if not isinstance(message, str):\n                                value = message\n                                message = message.get(\"message\")\n                        else:\n                            message = value.get(\"message\", None)\n                except ValueError:\n                    pass\n    \n        exception_class: type[WebDriverException]\n        e = ErrorCode()\n        error_codes = [item for item in dir(e) if not item.startswith(\"__\")]\n        for error_code in error_codes:\n            error_info = getattr(ErrorCode, error_code)\n            if isinstance(error_info, list) and status in error_info:\n                exception_class = getattr(ExceptionMapping, error_code, WebDriverException)\n                break\n        else:\n            exception_class = WebDriverException\n    \n        if not value:\n            value = response[\"value\"]\n        if isinstance(value, str):\n            raise exception_class(value)\n        if message == \"\" and \"message\" in value:\n            message = value[\"message\"]\n    \n        screen = None  # type: ignore[assignment]\n        if \"screen\" in value:\n            screen = value[\"screen\"]\n    \n        stacktrace = None\n        st_value = value.get(\"stackTrace\") or value.get(\"stacktrace\")\n        if st_value:\n            if isinstance(st_value, str):\n                stacktrace = st_value.split(\"\\n\")\n            else:\n                stacktrace = []\n                try:\n                    for frame in st_value:\n                        line = frame.get(\"lineNumber\", \"\")\n                        file = frame.get(\"fileName\", \"<anonymous>\")\n                        if line:\n                            file = f\"{file}:{line}\"\n                        meth = frame.get(\"methodName\", \"<anonymous>\")\n                        if \"className\" in frame:\n                            meth = f\"{frame['className']}.{meth}\"\n                        msg = \"    at %s (%s)\"\n                        msg = msg % (meth, file)\n                        stacktrace.append(msg)\n                except TypeError:\n                    pass\n        if exception_class == UnexpectedAlertPresentException:\n            alert_text = None\n            if \"data\" in value:\n                alert_text = value[\"data\"].get(\"text\")\n            elif \"alert\" in value:\n                alert_text = value[\"alert\"].get(\"text\")\n            raise exception_class(message, screen, stacktrace, alert_text)  # type: ignore[call-arg]  # mypy is not smart enough here\n>       raise exception_class(message, screen, stacktrace)\nE       selenium.common.exceptions.NoSuchElementException: Message: no such element: Unable to locate element: {\"method\":\"xpath\",\"selector\":\"//div/p/a[@href='/About/Contact#from-feedback']\"}\nE         (Session info: chrome=138.0.7204.168); For documentation on this error, please visit: https://www.selenium.dev/documentation/webdriver/troubleshooting/errors#nosuchelementexception\nE       Stacktrace:\nE       #0 0x5611d586587a <unknown>\nE       #1 0x5611d530a2e0 <unknown>\nE       #2 0x5611d535be00 <unknown>\nE       #3 0x5611d535bff1 <unknown>\nE       #4 0x5611d53aa324 <unknown>\nE       #5 0x5611d53818dd <unknown>\nE       #6 0x5611d53a771c <unknown>\nE       #7 0x5611d5381683 <unknown>\nE       #8 0x5611d534db5b <unknown>\nE       #9 0x5611d534ef31 <unknown>\nE       #10 0x5611d582a7cb <unknown>\nE       #11 0x5611d582e5d4 <unknown>\nE       #12 0x5611d58112c9 <unknown>\nE       #13 0x5611d582f178 <unknown>\nE       #14 0x5611d57f56bf <unknown>\nE       #15 0x5611d5852e78 <unknown>\nE       #16 0x5611d5853056 <unknown>\nE       #17 0x5611d5864b96 <unknown>\nE       #18 0x7f45b530b1f5 <unknown>\n\n/usr/local/lib/python3.13/site-packages/selenium/webdriver/remote/errorhandler.py:232: NoSuchElementException","steps":[{"name":"Открываем страницу","time":{"start":1753621283821,"stop":1753621287122,"duration":3301},"status":"passed","steps":[],"attachments":[],"parameters":[],"shouldDisplayMessage":false,"stepsCount":0,"attachmentsCount":0,"hasContent":false,"attachmentStep":false},{"name":"Переходим на страницу с экскурсиями","time":{"start":1753621287122,"stop":1753621290902,"duration":3780},"status":"passed","steps":[],"attachments":[],"parameters":[],"shouldDisplayMessage":false,"stepsCount":0,"attachmentsCount":0,"hasContent":false,"attachmentStep":false},{"name":"Находим и скролим до кнопки отправки жалобы","time":{"start":1753621290902,"stop":1753621300926,"duration":10024},"status":"broken","statusMessage":"selenium.common.exceptions.NoSuchElementException: Message: no such element: Unable to locate element: {\"method\":\"xpath\",\"selector\":\"//div/p/a[@href='/About/Contact#from-feedback']\"}\n  (Session info: chrome=138.0.7204.168); For documentation on this error, please visit: https://www.selenium.dev/documentation/webdriver/troubleshooting/errors#nosuchelementexception\nStacktrace:\n#0 0x5611d586587a <unknown>\n#1 0x5611d530a2e0 <unknown>\n#2 0x5611d535be00 <unknown>\n#3 0x5611d535bff1 <unknown>\n#4 0x5611d53aa324 <unknown>\n#5 0x5611d53818dd <unknown>\n#6 0x5611d53a771c <unknown>\n#7 0x5611d5381683 <unknown>\n#8 0x5611d534db5b <unknown>\n#9 0x5611d534ef31 <unknown>\n#10 0x5611d582a7cb <unknown>\n#11 0x5611d582e5d4 <unknown>\n#12 0x5611d58112c9 <unknown>\n#13 0x5611d582f178 <unknown>\n#14 0x5611d57f56bf <unknown>\n#15 0x5611d5852e78 <unknown>\n#16 0x5611d5853056 <unknown>\n#17 0x5611d5864b96 <unknown>\n#18 0x7f45b530b1f5 <unknown>\n\n","statusTrace":"  File \"/app/tests/test_excursium.py\", line 114, in test_user_report_problem\n    report_btn = driver.find_element(*main_page.report_btn)\n  File \"/usr/local/lib/python3.13/site-packages/selenium/webdriver/remote/webdriver.py\", line 922, in find_element\n    return self.execute(Command.FIND_ELEMENT, {\"using\": by, \"value\": value})[\"value\"]\n           ~~~~~~~~~~~~^^^^^^^^^^^^^^^^^^^^^^^^^^^^^^^^^^^^^^^^^^^^^^^^^^^^^\n  File \"/usr/local/lib/python3.13/site-packages/selenium/webdriver/remote/webdriver.py\", line 454, in execute\n    self.error_handler.check_response(response)\n    ~~~~~~~~~~~~~~~~~~~~~~~~~~~~~~~~~^^^^^^^^^^\n  File \"/usr/local/lib/python3.13/site-packages/selenium/webdriver/remote/errorhandler.py\", line 232, in check_response\n    raise exception_class(message, screen, stacktrace)\n","steps":[],"attachments":[],"parameters":[],"shouldDisplayMessage":true,"stepsCount":0,"attachmentsCount":0,"hasContent":true,"attachmentStep":false}],"attachments":[{"uid":"160b420c4bf03af4","name":"Скриншот при падении","source":"160b420c4bf03af4.png","type":"image/png","size":96615}],"parameters":[],"shouldDisplayMessage":true,"stepsCount":3,"attachmentsCount":1,"hasContent":true,"attachmentStep":false},"afterStages":[{"name":"driver::0","time":{"start":1753621301059,"stop":1753621301124,"duration":65},"status":"passed","steps":[],"attachments":[],"parameters":[],"shouldDisplayMessage":false,"stepsCount":0,"attachmentsCount":0,"hasContent":false,"attachmentStep":false}],"labels":[{"name":"severity","value":"Normal"},{"name":"feature","value":"Пользовательские сценарии"},{"name":"tag","value":"user_case"},{"name":"parentSuite","value":"tests"},{"name":"suite","value":"test_excursium"},{"name":"subSuite","value":"TestUserCases"},{"name":"host","value":"28887a4fb99b"},{"name":"thread","value":"19-MainThread"},{"name":"framework","value":"pytest"},{"name":"language","value":"cpython3"},{"name":"package","value":"tests.test_excursium"},{"name":"resultFormat","value":"allure2"}],"parameters":[],"links":[],"hidden":false,"retry":false,"extra":{"severity":"normal","retries":[],"categories":[{"name":"Test defects","matchedStatuses":[],"flaky":false}],"history":{"statistic":{"failed":1,"broken":19,"skipped":0,"passed":51,"unknown":0,"total":71},"items":[{"uid":"38bed9756ba3cd1b","status":"passed","time":{"start":1753620254557,"stop":1753620259729,"duration":5172}},{"uid":"f29eac3c2b999d89","status":"passed","time":{"start":1753619491451,"stop":1753619497332,"duration":5881}},{"uid":"ab0fc4fa6b1b5ed3","status":"passed","time":{"start":1753617719330,"stop":1753617724708,"duration":5378}},{"uid":"208b5bb46587e8b4","status":"passed","time":{"start":1753617308904,"stop":1753617314472,"duration":5568}},{"uid":"afc6e310599190d6","status":"passed","time":{"start":1753617160007,"stop":1753617166502,"duration":6495}},{"uid":"c410de8938ffb3a9","status":"passed","time":{"start":1753616930153,"stop":1753616935378,"duration":5225}},{"uid":"7ed623ff06f50a6f","status":"passed","time":{"start":1753616708862,"stop":1753616714218,"duration":5356}},{"uid":"e260a0677274f759","status":"passed","time":{"start":1753610811267,"stop":1753610818935,"duration":7668}},{"uid":"5c746960ecf4b872","status":"passed","time":{"start":1753607053487,"stop":1753607059950,"duration":6463}},{"uid":"525dfe9c6ad70ac8","status":"passed","time":{"start":1753601829828,"stop":1753601837367,"duration":7539}},{"uid":"c45b625a2bbf358e","status":"passed","time":{"start":1753598705863,"stop":1753598712118,"duration":6255}},{"uid":"b0dc6205e5cfd3dd","status":"passed","time":{"start":1753598306877,"stop":1753598313683,"duration":6806}},{"uid":"4f8f58b26aeaff47","status":"passed","time":{"start":1753597081766,"stop":1753597088393,"duration":6627}},{"uid":"db4a3d81c33a03b9","status":"passed","time":{"start":1753594444279,"stop":1753594450916,"duration":6637}},{"uid":"a11f03c4747de12f","status":"broken","statusDetails":"selenium.common.exceptions.NoSuchElementException: Message: no such element: Unable to locate element: {\"method\":\"xpath\",\"selector\":\"//div/p/a[@href='/About/Contact#from-feedback']\"}\n  (Session info: chrome=138.0.7204.168); For documentation on this error, please visit: https://www.selenium.dev/documentation/webdriver/troubleshooting/errors#nosuchelementexception\nStacktrace:\n#0 0x55fdcd1df87a <unknown>\n#1 0x55fdccc842e0 <unknown>\n#2 0x55fdcccd5e00 <unknown>\n#3 0x55fdcccd5ff1 <unknown>\n#4 0x55fdccd24324 <unknown>\n#5 0x55fdcccfb8dd <unknown>\n#6 0x55fdccd2171c <unknown>\n#7 0x55fdcccfb683 <unknown>\n#8 0x55fdcccc7b5b <unknown>\n#9 0x55fdcccc8f31 <unknown>\n#10 0x55fdcd1a47cb <unknown>\n#11 0x55fdcd1a85d4 <unknown>\n#12 0x55fdcd18b2c9 <unknown>\n#13 0x55fdcd1a9178 <unknown>\n#14 0x55fdcd16f6bf <unknown>\n#15 0x55fdcd1cce78 <unknown>\n#16 0x55fdcd1cd056 <unknown>\n#17 0x55fdcd1deb96 <unknown>\n#18 0x7f09aedfa1f5 <unknown>","time":{"start":1753537730091,"stop":1753537745279,"duration":15188}},{"uid":"81a0f651b7c60441","status":"passed","time":{"start":1753529399252,"stop":1753529411183,"duration":11931}},{"uid":"d6afe49143cac8db","status":"broken","statusDetails":"selenium.common.exceptions.NoSuchElementException: Message: no such element: Unable to locate element: {\"method\":\"xpath\",\"selector\":\"//div/p/a[@href='/About/Contact#from-feedback']\"}\n  (Session info: chrome=138.0.7204.168); For documentation on this error, please visit: https://www.selenium.dev/documentation/webdriver/troubleshooting/errors#nosuchelementexception\nStacktrace:\n#0 0x56055e75c87a <unknown>\n#1 0x56055e2012e0 <unknown>\n#2 0x56055e252e00 <unknown>\n#3 0x56055e252ff1 <unknown>\n#4 0x56055e2a1324 <unknown>\n#5 0x56055e2788dd <unknown>\n#6 0x56055e29e71c <unknown>\n#7 0x56055e278683 <unknown>\n#8 0x56055e244b5b <unknown>\n#9 0x56055e245f31 <unknown>\n#10 0x56055e7217cb <unknown>\n#11 0x56055e7255d4 <unknown>\n#12 0x56055e7082c9 <unknown>\n#13 0x56055e726178 <unknown>\n#14 0x56055e6ec6bf <unknown>\n#15 0x56055e749e78 <unknown>\n#16 0x56055e74a056 <unknown>\n#17 0x56055e75bb96 <unknown>\n#18 0x7f05f336d1f5 <unknown>","time":{"start":1753527739156,"stop":1753527754036,"duration":14880}},{"uid":"b75a9ec50aa9befe","status":"passed","time":{"start":1753523652977,"stop":1753523659664,"duration":6687}},{"uid":"b566a501b615a2dd","status":"passed","time":{"start":1753523047218,"stop":1753523054994,"duration":7776}},{"uid":"38a220c22b62ea9","status":"passed","time":{"start":1753522714712,"stop":1753522720588,"duration":5876}}]},"tags":["user_case"]},"source":"5b13a04518b264bc.json","parameterValues":[]}