{"uid":"71550eeaff2ce611","name":"Переход на страницу с жалобами","fullName":"tests.test_excursium.TestUserCases#test_user_report_problem","historyId":"6ccf52d0675463b7f2ebb26dc5cf7f58","time":{"start":1753449604614,"stop":1753449610803,"duration":6189},"description":"Пользовательский сценарий перехода на вкладку с экскурсиями и на страницу с жалобами","descriptionHtml":"<p>Пользовательский сценарий перехода на вкладку с экскурсиями и на страницу с жалобами</p>\n","status":"broken","statusMessage":"selenium.common.exceptions.ElementClickInterceptedException: Message: element click intercepted: Element is not clickable at point (1247, 4231)\n  (Session info: chrome=138.0.7204.168); For documentation on this error, please visit: https://www.selenium.dev/documentation/webdriver/troubleshooting/errors#elementclickinterceptedexception\nStacktrace:\n#0 0x55740b51e70e <unknown>\n#1 0x55740afbaa51 <unknown>\n#2 0x55740b00b701 <unknown>\n#3 0x55740b009cb9 <unknown>\n#4 0x55740b007851 <unknown>\n#5 0x55740b006fe3 <unknown>\n#6 0x55740affb91a <unknown>\n#7 0x55740b028ff2 <unknown>\n#8 0x55740affb0fd <unknown>\n#9 0x55740b0291be <unknown>\n#10 0x55740b048444 <unknown>\n#11 0x55740b028dc3 <unknown>\n#12 0x55740aff9959 <unknown>\n#13 0x55740affa4c1 <unknown>\n#14 0x55740b4ea8aa <unknown>\n#15 0x55740b4edc11 <unknown>\n#16 0x55740b4ed6a8 <unknown>\n#17 0x55740b4ee0b5 <unknown>\n#18 0x55740b4d434c <unknown>\n#19 0x55740b4ee421 <unknown>\n#20 0x55740b4bce2a <unknown>\n#21 0x55740b50c855 <unknown>\n#22 0x55740b50ca4e <unknown>\n#23 0x55740b51d9f5 <unknown>\n#24 0x7f4c574021f5 <unknown>","statusTrace":"self = <test_excursium.TestUserCases object at 0x7fa0429ef820>\ndriver = <selenium.webdriver.chrome.webdriver.WebDriver (session=\"822e0f648e707772a34e74ed4dbc2550\")>\n\n    @allure.title(\"Переход на страницу с жалобами\")\n    @allure.severity(\"Normal\")\n    @pytest.mark.user_case\n    def test_user_report_problem(self, driver):\n        \"\"\"Пользовательский сценарий перехода на вкладку с экскурсиями и на страницу с жалобами\"\"\"\n        main_page = MainPage(driver)\n    \n        with allure.step(\"Открываем страницу\"):\n            driver.get(config.base_url)\n    \n        with allure.step(\"Переходим на страницу с экскурсиями\"):\n            driver.find_element(*main_page.all_excursion_btn).click()\n    \n        with allure.step(\"Находим и скролим до кнопки отправки жалобы\"):\n            report_btn = driver.find_element(*main_page.report_btn)\n            main_page.scroll_to(report_btn)\n            main_page.wait.until(lambda x: main_page.is_clickable(report_btn))\n>           report_btn.click()\n\ntests/test_excursium.py:114: \n_ _ _ _ _ _ _ _ _ _ _ _ _ _ _ _ _ _ _ _ _ _ _ _ _ _ _ _ _ _ _ _ _ _ _ _ _ _ _ _ \n/usr/local/lib/python3.13/site-packages/selenium/webdriver/remote/webelement.py:120: in click\n    self._execute(Command.CLICK_ELEMENT)\n/usr/local/lib/python3.13/site-packages/selenium/webdriver/remote/webelement.py:573: in _execute\n    return self._parent.execute(command, params)\n           ^^^^^^^^^^^^^^^^^^^^^^^^^^^^^^^^^^^^^\n/usr/local/lib/python3.13/site-packages/selenium/webdriver/remote/webdriver.py:454: in execute\n    self.error_handler.check_response(response)\n_ _ _ _ _ _ _ _ _ _ _ _ _ _ _ _ _ _ _ _ _ _ _ _ _ _ _ _ _ _ _ _ _ _ _ _ _ _ _ _ \n\nself = <selenium.webdriver.remote.errorhandler.ErrorHandler object at 0x7fa0427acf50>\nresponse = {'status': 400, 'value': '{\"value\":{\"error\":\"element click intercepted\",\"message\":\"element click intercepted: Element ...\\\\n#22 0x55740b50ca4e \\\\u003Cunknown>\\\\n#23 0x55740b51d9f5 \\\\u003Cunknown>\\\\n#24 0x7f4c574021f5 \\\\u003Cunknown>\\\\n\"}}'}\n\n    def check_response(self, response: dict[str, Any]) -> None:\n        \"\"\"Checks that a JSON response from the WebDriver does not have an\n        error.\n    \n        :Args:\n         - response - The JSON response from the WebDriver server as a dictionary\n           object.\n    \n        :Raises: If the response contains an error message.\n        \"\"\"\n        status = response.get(\"status\", None)\n        if not status or status == ErrorCode.SUCCESS:\n            return\n        value = None\n        message = response.get(\"message\", \"\")\n        screen: str = response.get(\"screen\", \"\")\n        stacktrace = None\n        if isinstance(status, int):\n            value_json = response.get(\"value\", None)\n            if value_json and isinstance(value_json, str):\n                try:\n                    value = json.loads(value_json)\n                    if isinstance(value, dict):\n                        if len(value) == 1:\n                            value = value[\"value\"]\n                        status = value.get(\"error\", None)\n                        if not status:\n                            status = value.get(\"status\", ErrorCode.UNKNOWN_ERROR)\n                            message = value.get(\"value\") or value.get(\"message\")\n                            if not isinstance(message, str):\n                                value = message\n                                message = message.get(\"message\")\n                        else:\n                            message = value.get(\"message\", None)\n                except ValueError:\n                    pass\n    \n        exception_class: type[WebDriverException]\n        e = ErrorCode()\n        error_codes = [item for item in dir(e) if not item.startswith(\"__\")]\n        for error_code in error_codes:\n            error_info = getattr(ErrorCode, error_code)\n            if isinstance(error_info, list) and status in error_info:\n                exception_class = getattr(ExceptionMapping, error_code, WebDriverException)\n                break\n        else:\n            exception_class = WebDriverException\n    \n        if not value:\n            value = response[\"value\"]\n        if isinstance(value, str):\n            raise exception_class(value)\n        if message == \"\" and \"message\" in value:\n            message = value[\"message\"]\n    \n        screen = None  # type: ignore[assignment]\n        if \"screen\" in value:\n            screen = value[\"screen\"]\n    \n        stacktrace = None\n        st_value = value.get(\"stackTrace\") or value.get(\"stacktrace\")\n        if st_value:\n            if isinstance(st_value, str):\n                stacktrace = st_value.split(\"\\n\")\n            else:\n                stacktrace = []\n                try:\n                    for frame in st_value:\n                        line = frame.get(\"lineNumber\", \"\")\n                        file = frame.get(\"fileName\", \"<anonymous>\")\n                        if line:\n                            file = f\"{file}:{line}\"\n                        meth = frame.get(\"methodName\", \"<anonymous>\")\n                        if \"className\" in frame:\n                            meth = f\"{frame['className']}.{meth}\"\n                        msg = \"    at %s (%s)\"\n                        msg = msg % (meth, file)\n                        stacktrace.append(msg)\n                except TypeError:\n                    pass\n        if exception_class == UnexpectedAlertPresentException:\n            alert_text = None\n            if \"data\" in value:\n                alert_text = value[\"data\"].get(\"text\")\n            elif \"alert\" in value:\n                alert_text = value[\"alert\"].get(\"text\")\n            raise exception_class(message, screen, stacktrace, alert_text)  # type: ignore[call-arg]  # mypy is not smart enough here\n>       raise exception_class(message, screen, stacktrace)\nE       selenium.common.exceptions.ElementClickInterceptedException: Message: element click intercepted: Element is not clickable at point (1247, 4231)\nE         (Session info: chrome=138.0.7204.168); For documentation on this error, please visit: https://www.selenium.dev/documentation/webdriver/troubleshooting/errors#elementclickinterceptedexception\nE       Stacktrace:\nE       #0 0x55740b51e70e <unknown>\nE       #1 0x55740afbaa51 <unknown>\nE       #2 0x55740b00b701 <unknown>\nE       #3 0x55740b009cb9 <unknown>\nE       #4 0x55740b007851 <unknown>\nE       #5 0x55740b006fe3 <unknown>\nE       #6 0x55740affb91a <unknown>\nE       #7 0x55740b028ff2 <unknown>\nE       #8 0x55740affb0fd <unknown>\nE       #9 0x55740b0291be <unknown>\nE       #10 0x55740b048444 <unknown>\nE       #11 0x55740b028dc3 <unknown>\nE       #12 0x55740aff9959 <unknown>\nE       #13 0x55740affa4c1 <unknown>\nE       #14 0x55740b4ea8aa <unknown>\nE       #15 0x55740b4edc11 <unknown>\nE       #16 0x55740b4ed6a8 <unknown>\nE       #17 0x55740b4ee0b5 <unknown>\nE       #18 0x55740b4d434c <unknown>\nE       #19 0x55740b4ee421 <unknown>\nE       #20 0x55740b4bce2a <unknown>\nE       #21 0x55740b50c855 <unknown>\nE       #22 0x55740b50ca4e <unknown>\nE       #23 0x55740b51d9f5 <unknown>\nE       #24 0x7f4c574021f5 <unknown>\n\n/usr/local/lib/python3.13/site-packages/selenium/webdriver/remote/errorhandler.py:232: ElementClickInterceptedException","flaky":false,"newFailed":false,"newBroken":false,"newPassed":false,"retriesCount":0,"retriesStatusChange":false,"beforeStages":[{"name":"driver","time":{"start":1753449604268,"stop":1753449604614,"duration":346},"status":"passed","steps":[],"attachments":[],"parameters":[],"shouldDisplayMessage":false,"stepsCount":0,"attachmentsCount":0,"hasContent":false,"attachmentStep":false}],"testStage":{"description":"Пользовательский сценарий перехода на вкладку с экскурсиями и на страницу с жалобами","status":"broken","statusMessage":"selenium.common.exceptions.ElementClickInterceptedException: Message: element click intercepted: Element is not clickable at point (1247, 4231)\n  (Session info: chrome=138.0.7204.168); For documentation on this error, please visit: https://www.selenium.dev/documentation/webdriver/troubleshooting/errors#elementclickinterceptedexception\nStacktrace:\n#0 0x55740b51e70e <unknown>\n#1 0x55740afbaa51 <unknown>\n#2 0x55740b00b701 <unknown>\n#3 0x55740b009cb9 <unknown>\n#4 0x55740b007851 <unknown>\n#5 0x55740b006fe3 <unknown>\n#6 0x55740affb91a <unknown>\n#7 0x55740b028ff2 <unknown>\n#8 0x55740affb0fd <unknown>\n#9 0x55740b0291be <unknown>\n#10 0x55740b048444 <unknown>\n#11 0x55740b028dc3 <unknown>\n#12 0x55740aff9959 <unknown>\n#13 0x55740affa4c1 <unknown>\n#14 0x55740b4ea8aa <unknown>\n#15 0x55740b4edc11 <unknown>\n#16 0x55740b4ed6a8 <unknown>\n#17 0x55740b4ee0b5 <unknown>\n#18 0x55740b4d434c <unknown>\n#19 0x55740b4ee421 <unknown>\n#20 0x55740b4bce2a <unknown>\n#21 0x55740b50c855 <unknown>\n#22 0x55740b50ca4e <unknown>\n#23 0x55740b51d9f5 <unknown>\n#24 0x7f4c574021f5 <unknown>","statusTrace":"self = <test_excursium.TestUserCases object at 0x7fa0429ef820>\ndriver = <selenium.webdriver.chrome.webdriver.WebDriver (session=\"822e0f648e707772a34e74ed4dbc2550\")>\n\n    @allure.title(\"Переход на страницу с жалобами\")\n    @allure.severity(\"Normal\")\n    @pytest.mark.user_case\n    def test_user_report_problem(self, driver):\n        \"\"\"Пользовательский сценарий перехода на вкладку с экскурсиями и на страницу с жалобами\"\"\"\n        main_page = MainPage(driver)\n    \n        with allure.step(\"Открываем страницу\"):\n            driver.get(config.base_url)\n    \n        with allure.step(\"Переходим на страницу с экскурсиями\"):\n            driver.find_element(*main_page.all_excursion_btn).click()\n    \n        with allure.step(\"Находим и скролим до кнопки отправки жалобы\"):\n            report_btn = driver.find_element(*main_page.report_btn)\n            main_page.scroll_to(report_btn)\n            main_page.wait.until(lambda x: main_page.is_clickable(report_btn))\n>           report_btn.click()\n\ntests/test_excursium.py:114: \n_ _ _ _ _ _ _ _ _ _ _ _ _ _ _ _ _ _ _ _ _ _ _ _ _ _ _ _ _ _ _ _ _ _ _ _ _ _ _ _ \n/usr/local/lib/python3.13/site-packages/selenium/webdriver/remote/webelement.py:120: in click\n    self._execute(Command.CLICK_ELEMENT)\n/usr/local/lib/python3.13/site-packages/selenium/webdriver/remote/webelement.py:573: in _execute\n    return self._parent.execute(command, params)\n           ^^^^^^^^^^^^^^^^^^^^^^^^^^^^^^^^^^^^^\n/usr/local/lib/python3.13/site-packages/selenium/webdriver/remote/webdriver.py:454: in execute\n    self.error_handler.check_response(response)\n_ _ _ _ _ _ _ _ _ _ _ _ _ _ _ _ _ _ _ _ _ _ _ _ _ _ _ _ _ _ _ _ _ _ _ _ _ _ _ _ \n\nself = <selenium.webdriver.remote.errorhandler.ErrorHandler object at 0x7fa0427acf50>\nresponse = {'status': 400, 'value': '{\"value\":{\"error\":\"element click intercepted\",\"message\":\"element click intercepted: Element ...\\\\n#22 0x55740b50ca4e \\\\u003Cunknown>\\\\n#23 0x55740b51d9f5 \\\\u003Cunknown>\\\\n#24 0x7f4c574021f5 \\\\u003Cunknown>\\\\n\"}}'}\n\n    def check_response(self, response: dict[str, Any]) -> None:\n        \"\"\"Checks that a JSON response from the WebDriver does not have an\n        error.\n    \n        :Args:\n         - response - The JSON response from the WebDriver server as a dictionary\n           object.\n    \n        :Raises: If the response contains an error message.\n        \"\"\"\n        status = response.get(\"status\", None)\n        if not status or status == ErrorCode.SUCCESS:\n            return\n        value = None\n        message = response.get(\"message\", \"\")\n        screen: str = response.get(\"screen\", \"\")\n        stacktrace = None\n        if isinstance(status, int):\n            value_json = response.get(\"value\", None)\n            if value_json and isinstance(value_json, str):\n                try:\n                    value = json.loads(value_json)\n                    if isinstance(value, dict):\n                        if len(value) == 1:\n                            value = value[\"value\"]\n                        status = value.get(\"error\", None)\n                        if not status:\n                            status = value.get(\"status\", ErrorCode.UNKNOWN_ERROR)\n                            message = value.get(\"value\") or value.get(\"message\")\n                            if not isinstance(message, str):\n                                value = message\n                                message = message.get(\"message\")\n                        else:\n                            message = value.get(\"message\", None)\n                except ValueError:\n                    pass\n    \n        exception_class: type[WebDriverException]\n        e = ErrorCode()\n        error_codes = [item for item in dir(e) if not item.startswith(\"__\")]\n        for error_code in error_codes:\n            error_info = getattr(ErrorCode, error_code)\n            if isinstance(error_info, list) and status in error_info:\n                exception_class = getattr(ExceptionMapping, error_code, WebDriverException)\n                break\n        else:\n            exception_class = WebDriverException\n    \n        if not value:\n            value = response[\"value\"]\n        if isinstance(value, str):\n            raise exception_class(value)\n        if message == \"\" and \"message\" in value:\n            message = value[\"message\"]\n    \n        screen = None  # type: ignore[assignment]\n        if \"screen\" in value:\n            screen = value[\"screen\"]\n    \n        stacktrace = None\n        st_value = value.get(\"stackTrace\") or value.get(\"stacktrace\")\n        if st_value:\n            if isinstance(st_value, str):\n                stacktrace = st_value.split(\"\\n\")\n            else:\n                stacktrace = []\n                try:\n                    for frame in st_value:\n                        line = frame.get(\"lineNumber\", \"\")\n                        file = frame.get(\"fileName\", \"<anonymous>\")\n                        if line:\n                            file = f\"{file}:{line}\"\n                        meth = frame.get(\"methodName\", \"<anonymous>\")\n                        if \"className\" in frame:\n                            meth = f\"{frame['className']}.{meth}\"\n                        msg = \"    at %s (%s)\"\n                        msg = msg % (meth, file)\n                        stacktrace.append(msg)\n                except TypeError:\n                    pass\n        if exception_class == UnexpectedAlertPresentException:\n            alert_text = None\n            if \"data\" in value:\n                alert_text = value[\"data\"].get(\"text\")\n            elif \"alert\" in value:\n                alert_text = value[\"alert\"].get(\"text\")\n            raise exception_class(message, screen, stacktrace, alert_text)  # type: ignore[call-arg]  # mypy is not smart enough here\n>       raise exception_class(message, screen, stacktrace)\nE       selenium.common.exceptions.ElementClickInterceptedException: Message: element click intercepted: Element is not clickable at point (1247, 4231)\nE         (Session info: chrome=138.0.7204.168); For documentation on this error, please visit: https://www.selenium.dev/documentation/webdriver/troubleshooting/errors#elementclickinterceptedexception\nE       Stacktrace:\nE       #0 0x55740b51e70e <unknown>\nE       #1 0x55740afbaa51 <unknown>\nE       #2 0x55740b00b701 <unknown>\nE       #3 0x55740b009cb9 <unknown>\nE       #4 0x55740b007851 <unknown>\nE       #5 0x55740b006fe3 <unknown>\nE       #6 0x55740affb91a <unknown>\nE       #7 0x55740b028ff2 <unknown>\nE       #8 0x55740affb0fd <unknown>\nE       #9 0x55740b0291be <unknown>\nE       #10 0x55740b048444 <unknown>\nE       #11 0x55740b028dc3 <unknown>\nE       #12 0x55740aff9959 <unknown>\nE       #13 0x55740affa4c1 <unknown>\nE       #14 0x55740b4ea8aa <unknown>\nE       #15 0x55740b4edc11 <unknown>\nE       #16 0x55740b4ed6a8 <unknown>\nE       #17 0x55740b4ee0b5 <unknown>\nE       #18 0x55740b4d434c <unknown>\nE       #19 0x55740b4ee421 <unknown>\nE       #20 0x55740b4bce2a <unknown>\nE       #21 0x55740b50c855 <unknown>\nE       #22 0x55740b50ca4e <unknown>\nE       #23 0x55740b51d9f5 <unknown>\nE       #24 0x7f4c574021f5 <unknown>\n\n/usr/local/lib/python3.13/site-packages/selenium/webdriver/remote/errorhandler.py:232: ElementClickInterceptedException","steps":[{"name":"Открываем страницу","time":{"start":1753449604614,"stop":1753449606369,"duration":1755},"status":"passed","steps":[],"attachments":[],"parameters":[],"shouldDisplayMessage":false,"stepsCount":0,"attachmentsCount":0,"hasContent":false,"attachmentStep":false},{"name":"Переходим на страницу с экскурсиями","time":{"start":1753449606369,"stop":1753449609657,"duration":3288},"status":"passed","steps":[],"attachments":[],"parameters":[],"shouldDisplayMessage":false,"stepsCount":0,"attachmentsCount":0,"hasContent":false,"attachmentStep":false},{"name":"Находим и скролим до кнопки отправки жалобы","time":{"start":1753449609657,"stop":1753449610802,"duration":1145},"status":"broken","statusMessage":"selenium.common.exceptions.ElementClickInterceptedException: Message: element click intercepted: Element is not clickable at point (1247, 4231)\n  (Session info: chrome=138.0.7204.168); For documentation on this error, please visit: https://www.selenium.dev/documentation/webdriver/troubleshooting/errors#elementclickinterceptedexception\nStacktrace:\n#0 0x55740b51e70e <unknown>\n#1 0x55740afbaa51 <unknown>\n#2 0x55740b00b701 <unknown>\n#3 0x55740b009cb9 <unknown>\n#4 0x55740b007851 <unknown>\n#5 0x55740b006fe3 <unknown>\n#6 0x55740affb91a <unknown>\n#7 0x55740b028ff2 <unknown>\n#8 0x55740affb0fd <unknown>\n#9 0x55740b0291be <unknown>\n#10 0x55740b048444 <unknown>\n#11 0x55740b028dc3 <unknown>\n#12 0x55740aff9959 <unknown>\n#13 0x55740affa4c1 <unknown>\n#14 0x55740b4ea8aa <unknown>\n#15 0x55740b4edc11 <unknown>\n#16 0x55740b4ed6a8 <unknown>\n#17 0x55740b4ee0b5 <unknown>\n#18 0x55740b4d434c <unknown>\n#19 0x55740b4ee421 <unknown>\n#20 0x55740b4bce2a <unknown>\n#21 0x55740b50c855 <unknown>\n#22 0x55740b50ca4e <unknown>\n#23 0x55740b51d9f5 <unknown>\n#24 0x7f4c574021f5 <unknown>\n\n","statusTrace":"  File \"/app/tests/test_excursium.py\", line 114, in test_user_report_problem\n    report_btn.click()\n    ~~~~~~~~~~~~~~~~^^\n  File \"/usr/local/lib/python3.13/site-packages/selenium/webdriver/remote/webelement.py\", line 120, in click\n    self._execute(Command.CLICK_ELEMENT)\n    ~~~~~~~~~~~~~^^^^^^^^^^^^^^^^^^^^^^^\n  File \"/usr/local/lib/python3.13/site-packages/selenium/webdriver/remote/webelement.py\", line 573, in _execute\n    return self._parent.execute(command, params)\n           ~~~~~~~~~~~~~~~~~~~~^^^^^^^^^^^^^^^^^\n  File \"/usr/local/lib/python3.13/site-packages/selenium/webdriver/remote/webdriver.py\", line 454, in execute\n    self.error_handler.check_response(response)\n    ~~~~~~~~~~~~~~~~~~~~~~~~~~~~~~~~~^^^^^^^^^^\n  File \"/usr/local/lib/python3.13/site-packages/selenium/webdriver/remote/errorhandler.py\", line 232, in check_response\n    raise exception_class(message, screen, stacktrace)\n","steps":[{"name":"Скроллим до элемента","time":{"start":1753449609672,"stop":1753449609693,"duration":21},"status":"passed","steps":[],"attachments":[],"parameters":[],"shouldDisplayMessage":false,"stepsCount":0,"attachmentsCount":0,"hasContent":false,"attachmentStep":false},{"name":"Проверяем кликабелен ли элемент","time":{"start":1753449609693,"stop":1753449609704,"duration":11},"status":"passed","steps":[],"attachments":[],"parameters":[],"shouldDisplayMessage":false,"stepsCount":0,"attachmentsCount":0,"hasContent":false,"attachmentStep":false}],"attachments":[],"parameters":[],"shouldDisplayMessage":true,"stepsCount":2,"attachmentsCount":0,"hasContent":true,"attachmentStep":false}],"attachments":[{"uid":"7f604a41e312fb82","name":"Скриншот при падении","source":"7f604a41e312fb82.png","type":"image/png","size":591585}],"parameters":[],"shouldDisplayMessage":true,"stepsCount":5,"attachmentsCount":1,"hasContent":true,"attachmentStep":false},"afterStages":[{"name":"driver::0","time":{"start":1753449611025,"stop":1753449611089,"duration":64},"status":"passed","steps":[],"attachments":[],"parameters":[],"shouldDisplayMessage":false,"stepsCount":0,"attachmentsCount":0,"hasContent":false,"attachmentStep":false}],"labels":[{"name":"feature","value":"Пользовательские сценарии"},{"name":"severity","value":"Normal"},{"name":"tag","value":"user_case"},{"name":"parentSuite","value":"tests"},{"name":"suite","value":"test_excursium"},{"name":"subSuite","value":"TestUserCases"},{"name":"host","value":"79acc4d7f0ae"},{"name":"thread","value":"19-MainThread"},{"name":"framework","value":"pytest"},{"name":"language","value":"cpython3"},{"name":"package","value":"tests.test_excursium"},{"name":"resultFormat","value":"allure2"}],"parameters":[],"links":[],"hidden":false,"retry":false,"extra":{"severity":"normal","retries":[],"categories":[{"name":"Test defects","matchedStatuses":[],"flaky":false}],"history":{"statistic":{"failed":0,"broken":10,"skipped":0,"passed":19,"unknown":0,"total":29},"items":[{"uid":"b81970274b6d681b","status":"broken","statusDetails":"TypeError: 'bool' object is not callable","time":{"start":1753449323851,"stop":1753449332843,"duration":8992}},{"uid":"cd6f94f05666a379","status":"broken","statusDetails":"selenium.common.exceptions.ElementClickInterceptedException: Message: element click intercepted: Element is not clickable at point (1247, 4214)\n  (Session info: chrome=138.0.7204.168); For documentation on this error, please visit: https://www.selenium.dev/documentation/webdriver/troubleshooting/errors#elementclickinterceptedexception\nStacktrace:\n#0 0x555f4219570e <unknown>\n#1 0x555f41c31a51 <unknown>\n#2 0x555f41c82701 <unknown>\n#3 0x555f41c80cb9 <unknown>\n#4 0x555f41c7e851 <unknown>\n#5 0x555f41c7dfe3 <unknown>\n#6 0x555f41c7291a <unknown>\n#7 0x555f41c9fff2 <unknown>\n#8 0x555f41c720fd <unknown>\n#9 0x555f41ca01be <unknown>\n#10 0x555f41cbf444 <unknown>\n#11 0x555f41c9fdc3 <unknown>\n#12 0x555f41c70959 <unknown>\n#13 0x555f41c714c1 <unknown>\n#14 0x555f421618aa <unknown>\n#15 0x555f42164c11 <unknown>\n#16 0x555f421646a8 <unknown>\n#17 0x555f421650b5 <unknown>\n#18 0x555f4214b34c <unknown>\n#19 0x555f42165421 <unknown>\n#20 0x555f42133e2a <unknown>\n#21 0x555f42183855 <unknown>\n#22 0x555f42183a4e <unknown>\n#23 0x555f421949f5 <unknown>\n#24 0x7f0ee2f831f5 <unknown>","time":{"start":1753448842969,"stop":1753448849242,"duration":6273}},{"uid":"a3f448ea502333da","status":"broken","statusDetails":"selenium.common.exceptions.ElementClickInterceptedException: Message: element click intercepted: Element is not clickable at point (1247, 4056)\n  (Session info: chrome=138.0.7204.168); For documentation on this error, please visit: https://www.selenium.dev/documentation/webdriver/troubleshooting/errors#elementclickinterceptedexception\nStacktrace:\n#0 0x55eae1d2070e <unknown>\n#1 0x55eae17bca51 <unknown>\n#2 0x55eae180d701 <unknown>\n#3 0x55eae180bcb9 <unknown>\n#4 0x55eae1809851 <unknown>\n#5 0x55eae1808fe3 <unknown>\n#6 0x55eae17fd91a <unknown>\n#7 0x55eae182aff2 <unknown>\n#8 0x55eae17fd0fd <unknown>\n#9 0x55eae182b1be <unknown>\n#10 0x55eae184a444 <unknown>\n#11 0x55eae182adc3 <unknown>\n#12 0x55eae17fb959 <unknown>\n#13 0x55eae17fc4c1 <unknown>\n#14 0x55eae1cec8aa <unknown>\n#15 0x55eae1cefc11 <unknown>\n#16 0x55eae1cef6a8 <unknown>\n#17 0x55eae1cf00b5 <unknown>\n#18 0x55eae1cd634c <unknown>\n#19 0x55eae1cf0421 <unknown>\n#20 0x55eae1cbee2a <unknown>\n#21 0x55eae1d0e855 <unknown>\n#22 0x55eae1d0ea4e <unknown>\n#23 0x55eae1d1f9f5 <unknown>\n#24 0x7fea5a8651f5 <unknown>","time":{"start":1753448608859,"stop":1753448615438,"duration":6579}},{"uid":"fcc9a2117f4528e","status":"passed","time":{"start":1753448215877,"stop":1753448222833,"duration":6956}},{"uid":"b6cc0d48019cb19f","status":"broken","statusDetails":"selenium.common.exceptions.ElementClickInterceptedException: Message: element click intercepted: Element is not clickable at point (1247, 4247)\n  (Session info: chrome=138.0.7204.157); For documentation on this error, please visit: https://www.selenium.dev/documentation/webdriver/troubleshooting/errors#elementclickinterceptedexception","time":{"start":1753446781972,"stop":1753446792889,"duration":10917}},{"uid":"4a48ba7914300eac","status":"broken","statusDetails":"selenium.common.exceptions.ElementClickInterceptedException: Message: element click intercepted: Element is not clickable at point (1247, 4243)\n  (Session info: chrome=138.0.7204.157); For documentation on this error, please visit: https://www.selenium.dev/documentation/webdriver/troubleshooting/errors#elementclickinterceptedexception\nStacktrace:\n#0 0x556fe3fc87da <unknown>\n#1 0x556fe3a6d2e0 <unknown>\n#2 0x556fe3ac5c6c <unknown>\n#3 0x556fe3ac3ad2 <unknown>\n#4 0x556fe3ac1172 <unknown>\n#5 0x556fe3ac0890 <unknown>\n#6 0x556fe3ab30ea <unknown>\n#7 0x556fe3ae48b2 <unknown>\n#8 0x556fe3ab2a6a <unknown>\n#9 0x556fe3ae4a7e <unknown>\n#10 0x556fe3b0a71c <unknown>\n#11 0x556fe3ae4683 <unknown>\n#12 0x556fe3ab0b5b <unknown>\n#13 0x556fe3ab1f31 <unknown>\n#14 0x556fe3f8d72b <unknown>\n#15 0x556fe3f91534 <unknown>\n#16 0x556fe3f74229 <unknown>\n#17 0x556fe3f920d8 <unknown>\n#18 0x556fe3f5861f <unknown>\n#19 0x556fe3fb5dd8 <unknown>\n#20 0x556fe3fb5fb6 <unknown>\n#21 0x556fe3fc7af6 <unknown>\n#22 0x7f73a4b96aa4 <unknown>\n#23 0x7f73a4c23a34 __clone","time":{"start":1753445587777,"stop":1753445593056,"duration":5279}},{"uid":"87890b99ea70d024","status":"broken","statusDetails":"selenium.common.exceptions.ElementClickInterceptedException: Message: element click intercepted: Element is not clickable at point (1247, 4235)\n  (Session info: chrome=138.0.7204.157); For documentation on this error, please visit: https://www.selenium.dev/documentation/webdriver/troubleshooting/errors#elementclickinterceptedexception","time":{"start":1753444258274,"stop":1753444264846,"duration":6572}},{"uid":"83626fc0397401e1","status":"broken","statusDetails":"selenium.common.exceptions.ElementClickInterceptedException: Message: element click intercepted: Element is not clickable at point (1247, 4052)\n  (Session info: chrome=138.0.7204.168); For documentation on this error, please visit: https://www.selenium.dev/documentation/webdriver/troubleshooting/errors#elementclickinterceptedexception\nStacktrace:\n#0 0x55a48eeba70e <unknown>\n#1 0x55a48e956a51 <unknown>\n#2 0x55a48e9a7701 <unknown>\n#3 0x55a48e9a5cb9 <unknown>\n#4 0x55a48e9a3851 <unknown>\n#5 0x55a48e9a2fe3 <unknown>\n#6 0x55a48e99791a <unknown>\n#7 0x55a48e9c4ff2 <unknown>\n#8 0x55a48e9970fd <unknown>\n#9 0x55a48e9c51be <unknown>\n#10 0x55a48e9e4444 <unknown>\n#11 0x55a48e9c4dc3 <unknown>\n#12 0x55a48e995959 <unknown>\n#13 0x55a48e9964c1 <unknown>\n#14 0x55a48ee868aa <unknown>\n#15 0x55a48ee89c11 <unknown>\n#16 0x55a48ee896a8 <unknown>\n#17 0x55a48ee8a0b5 <unknown>\n#18 0x55a48ee7034c <unknown>\n#19 0x55a48ee8a421 <unknown>\n#20 0x55a48ee58e2a <unknown>\n#21 0x55a48eea8855 <unknown>\n#22 0x55a48eea8a4e <unknown>\n#23 0x55a48eeb99f5 <unknown>\n#24 0x7fe2bc9481f5 <unknown>","time":{"start":1753435553128,"stop":1753435561190,"duration":8062}},{"uid":"1e61eb2774632203","status":"passed","time":{"start":1753434844313,"stop":1753434852462,"duration":8149}},{"uid":"23b2ef80de5dd263","status":"passed","time":{"start":1753433685033,"stop":1753433700313,"duration":15280}},{"uid":"d1146af39f81bf47","status":"broken","statusDetails":"selenium.common.exceptions.ElementClickInterceptedException: Message: element click intercepted: Element is not clickable at point (1247, 1001)\n  (Session info: chrome=138.0.7204.168); For documentation on this error, please visit: https://www.selenium.dev/documentation/webdriver/troubleshooting/errors#elementclickinterceptedexception\nStacktrace:\n#0 0x55c1f743070e <unknown>\n#1 0x55c1f6ecca51 <unknown>\n#2 0x55c1f6f1d701 <unknown>\n#3 0x55c1f6f1bcb9 <unknown>\n#4 0x55c1f6f19851 <unknown>\n#5 0x55c1f6f18fe3 <unknown>\n#6 0x55c1f6f0d91a <unknown>\n#7 0x55c1f6f3aff2 <unknown>\n#8 0x55c1f6f0d0fd <unknown>\n#9 0x55c1f6f3b1be <unknown>\n#10 0x55c1f6f5a444 <unknown>\n#11 0x55c1f6f3adc3 <unknown>\n#12 0x55c1f6f0b959 <unknown>\n#13 0x55c1f6f0c4c1 <unknown>\n#14 0x55c1f73fc8aa <unknown>\n#15 0x55c1f73ffc11 <unknown>\n#16 0x55c1f73ff6a8 <unknown>\n#17 0x55c1f74000b5 <unknown>\n#18 0x55c1f73e634c <unknown>\n#19 0x55c1f7400421 <unknown>\n#20 0x55c1f73cee2a <unknown>\n#21 0x55c1f741e855 <unknown>\n#22 0x55c1f741ea4e <unknown>\n#23 0x55c1f742f9f5 <unknown>\n#24 0x7f97ac4941c4 <unknown>","time":{"start":1753432666386,"stop":1753432679608,"duration":13222}},{"uid":"ea048ab5fde16e1a","status":"passed","time":{"start":1753432044066,"stop":1753432059013,"duration":14947}},{"uid":"b1283b0c5ea84fdc","status":"passed","time":{"start":1753427744914,"stop":1753427752631,"duration":7717}},{"uid":"78c2f3500c4716f1","status":"passed","time":{"start":1753427281876,"stop":1753427289624,"duration":7748}},{"uid":"4400e098f3902028","status":"passed","time":{"start":1753426896550,"stop":1753426902760,"duration":6210}},{"uid":"e8f80702276dfeb9","status":"passed","time":{"start":1753426651334,"stop":1753426663591,"duration":12257}},{"uid":"d74840f7f35eebc7","status":"passed","time":{"start":1753425904376,"stop":1753425912319,"duration":7943}},{"uid":"ce3e208d23fb89b2","status":"passed","time":{"start":1753425617918,"stop":1753425625910,"duration":7992}},{"uid":"f5f0f613963a22c1","status":"passed","time":{"start":1753422520858,"stop":1753422527057,"duration":6199}},{"uid":"ddc802b1956ea700","status":"passed","time":{"start":1753422166092,"stop":1753422172136,"duration":6044}}]},"tags":["user_case"]},"source":"71550eeaff2ce611.json","parameterValues":[]}