{"uid":"b81970274b6d681b","name":"Переход на страницу с жалобами","fullName":"tests.test_excursium.TestUserCases#test_user_report_problem","historyId":"6ccf52d0675463b7f2ebb26dc5cf7f58","time":{"start":1753449323851,"stop":1753449332843,"duration":8992},"description":"Пользовательский сценарий перехода на вкладку с экскурсиями и на страницу с жалобами","descriptionHtml":"<p>Пользовательский сценарий перехода на вкладку с экскурсиями и на страницу с жалобами</p>\n","status":"broken","statusMessage":"TypeError: 'bool' object is not callable","statusTrace":"self = <test_excursium.TestUserCases object at 0x7febb9eab820>\ndriver = <selenium.webdriver.chrome.webdriver.WebDriver (session=\"9e946fc0cdb865f356177d33f986ed4c\")>\n\n    @allure.title(\"Переход на страницу с жалобами\")\n    @allure.severity(\"Normal\")\n    @pytest.mark.user_case\n    def test_user_report_problem(self, driver):\n        \"\"\"Пользовательский сценарий перехода на вкладку с экскурсиями и на страницу с жалобами\"\"\"\n        main_page = MainPage(driver)\n    \n        with allure.step(\"Открываем страницу\"):\n            driver.get(config.base_url)\n    \n        with allure.step(\"Переходим на страницу с экскурсиями\"):\n            driver.find_element(*main_page.all_excursion_btn).click()\n    \n        with allure.step(\"Находим и скролим до кнопки отправки жалобы\"):\n            report_btn = driver.find_element(*main_page.report_btn)\n            main_page.scroll_to(report_btn)\n>           main_page.wait.until(main_page.is_clickable(report_btn))\n\ntests/test_excursium.py:113: \n_ _ _ _ _ _ _ _ _ _ _ _ _ _ _ _ _ _ _ _ _ _ _ _ _ _ _ _ _ _ _ _ _ _ _ _ _ _ _ _ \n\nself = <selenium.webdriver.support.wait.WebDriverWait (session=\"9e946fc0cdb865f356177d33f986ed4c\")>\nmethod = True, message = ''\n\n    def until(self, method: Callable[[D], Union[Literal[False], T]], message: str = \"\") -> T:\n        \"\"\"Wait until the method returns a value that is not False.\n    \n        Calls the method provided with the driver as an argument until the\n        return value does not evaluate to ``False``.\n    \n        Parameters:\n        -----------\n        method: callable(WebDriver)\n            - A callable object that takes a WebDriver instance as an argument.\n    \n        message: str\n            - Optional message for :exc:`TimeoutException`\n    \n        Return:\n        -------\n        object: T\n            - The result of the last call to `method`\n    \n        Raises:\n        -------\n        TimeoutException\n            - If 'method' does not return a truthy value within the WebDriverWait\n            object's timeout\n    \n        Example:\n        --------\n        >>> from selenium.webdriver.common.by import By\n        >>> from selenium.webdriver.support.ui import WebDriverWait\n        >>> from selenium.webdriver.support import expected_conditions as EC\n    \n        # Wait until an element is visible on the page\n        >>> wait = WebDriverWait(driver, 10)\n        >>> element = wait.until(EC.visibility_of_element_located((By.ID, \"exampleId\")))\n        >>> print(element.text)\n        \"\"\"\n        screen = None\n        stacktrace = None\n    \n        end_time = time.monotonic() + self._timeout\n        while True:\n            try:\n>               value = method(self._driver)\n                        ^^^^^^^^^^^^^^^^^^^^\nE               TypeError: 'bool' object is not callable\n\n/usr/local/lib/python3.13/site-packages/selenium/webdriver/support/wait.py:129: TypeError","flaky":false,"newFailed":false,"newBroken":false,"newPassed":false,"retriesCount":0,"retriesStatusChange":false,"beforeStages":[{"name":"driver","time":{"start":1753449323505,"stop":1753449323850,"duration":345},"status":"passed","steps":[],"attachments":[],"parameters":[],"shouldDisplayMessage":false,"stepsCount":0,"attachmentsCount":0,"hasContent":false,"attachmentStep":false}],"testStage":{"description":"Пользовательский сценарий перехода на вкладку с экскурсиями и на страницу с жалобами","status":"broken","statusMessage":"TypeError: 'bool' object is not callable","statusTrace":"self = <test_excursium.TestUserCases object at 0x7febb9eab820>\ndriver = <selenium.webdriver.chrome.webdriver.WebDriver (session=\"9e946fc0cdb865f356177d33f986ed4c\")>\n\n    @allure.title(\"Переход на страницу с жалобами\")\n    @allure.severity(\"Normal\")\n    @pytest.mark.user_case\n    def test_user_report_problem(self, driver):\n        \"\"\"Пользовательский сценарий перехода на вкладку с экскурсиями и на страницу с жалобами\"\"\"\n        main_page = MainPage(driver)\n    \n        with allure.step(\"Открываем страницу\"):\n            driver.get(config.base_url)\n    \n        with allure.step(\"Переходим на страницу с экскурсиями\"):\n            driver.find_element(*main_page.all_excursion_btn).click()\n    \n        with allure.step(\"Находим и скролим до кнопки отправки жалобы\"):\n            report_btn = driver.find_element(*main_page.report_btn)\n            main_page.scroll_to(report_btn)\n>           main_page.wait.until(main_page.is_clickable(report_btn))\n\ntests/test_excursium.py:113: \n_ _ _ _ _ _ _ _ _ _ _ _ _ _ _ _ _ _ _ _ _ _ _ _ _ _ _ _ _ _ _ _ _ _ _ _ _ _ _ _ \n\nself = <selenium.webdriver.support.wait.WebDriverWait (session=\"9e946fc0cdb865f356177d33f986ed4c\")>\nmethod = True, message = ''\n\n    def until(self, method: Callable[[D], Union[Literal[False], T]], message: str = \"\") -> T:\n        \"\"\"Wait until the method returns a value that is not False.\n    \n        Calls the method provided with the driver as an argument until the\n        return value does not evaluate to ``False``.\n    \n        Parameters:\n        -----------\n        method: callable(WebDriver)\n            - A callable object that takes a WebDriver instance as an argument.\n    \n        message: str\n            - Optional message for :exc:`TimeoutException`\n    \n        Return:\n        -------\n        object: T\n            - The result of the last call to `method`\n    \n        Raises:\n        -------\n        TimeoutException\n            - If 'method' does not return a truthy value within the WebDriverWait\n            object's timeout\n    \n        Example:\n        --------\n        >>> from selenium.webdriver.common.by import By\n        >>> from selenium.webdriver.support.ui import WebDriverWait\n        >>> from selenium.webdriver.support import expected_conditions as EC\n    \n        # Wait until an element is visible on the page\n        >>> wait = WebDriverWait(driver, 10)\n        >>> element = wait.until(EC.visibility_of_element_located((By.ID, \"exampleId\")))\n        >>> print(element.text)\n        \"\"\"\n        screen = None\n        stacktrace = None\n    \n        end_time = time.monotonic() + self._timeout\n        while True:\n            try:\n>               value = method(self._driver)\n                        ^^^^^^^^^^^^^^^^^^^^\nE               TypeError: 'bool' object is not callable\n\n/usr/local/lib/python3.13/site-packages/selenium/webdriver/support/wait.py:129: TypeError","steps":[{"name":"Открываем страницу","time":{"start":1753449323851,"stop":1753449328191,"duration":4340},"status":"passed","steps":[],"attachments":[],"parameters":[],"shouldDisplayMessage":false,"stepsCount":0,"attachmentsCount":0,"hasContent":false,"attachmentStep":false},{"name":"Переходим на страницу с экскурсиями","time":{"start":1753449328191,"stop":1753449332768,"duration":4577},"status":"passed","steps":[],"attachments":[],"parameters":[],"shouldDisplayMessage":false,"stepsCount":0,"attachmentsCount":0,"hasContent":false,"attachmentStep":false},{"name":"Находим и скролим до кнопки отправки жалобы","time":{"start":1753449332768,"stop":1753449332843,"duration":75},"status":"broken","statusMessage":"TypeError: 'bool' object is not callable\n","statusTrace":"  File \"/app/tests/test_excursium.py\", line 113, in test_user_report_problem\n    main_page.wait.until(main_page.is_clickable(report_btn))\n    ~~~~~~~~~~~~~~~~~~~~^^^^^^^^^^^^^^^^^^^^^^^^^^^^^^^^^^^^\n  File \"/usr/local/lib/python3.13/site-packages/selenium/webdriver/support/wait.py\", line 129, in until\n    value = method(self._driver)\n","steps":[{"name":"Скроллим до элемента","time":{"start":1753449332778,"stop":1753449332804,"duration":26},"status":"passed","steps":[],"attachments":[],"parameters":[],"shouldDisplayMessage":false,"stepsCount":0,"attachmentsCount":0,"hasContent":false,"attachmentStep":false},{"name":"Проверяем кликабелен ли элемент","time":{"start":1753449332804,"stop":1753449332843,"duration":39},"status":"passed","steps":[],"attachments":[],"parameters":[],"shouldDisplayMessage":false,"stepsCount":0,"attachmentsCount":0,"hasContent":false,"attachmentStep":false}],"attachments":[],"parameters":[],"shouldDisplayMessage":true,"stepsCount":2,"attachmentsCount":0,"hasContent":true,"attachmentStep":false}],"attachments":[{"uid":"487bab0b25955206","name":"Скриншот при падении","source":"487bab0b25955206.png","type":"image/png","size":872180}],"parameters":[],"shouldDisplayMessage":true,"stepsCount":5,"attachmentsCount":1,"hasContent":true,"attachmentStep":false},"afterStages":[{"name":"driver::0","time":{"start":1753449333177,"stop":1753449333240,"duration":63},"status":"passed","steps":[],"attachments":[],"parameters":[],"shouldDisplayMessage":false,"stepsCount":0,"attachmentsCount":0,"hasContent":false,"attachmentStep":false}],"labels":[{"name":"severity","value":"Normal"},{"name":"feature","value":"Пользовательские сценарии"},{"name":"tag","value":"user_case"},{"name":"parentSuite","value":"tests"},{"name":"suite","value":"test_excursium"},{"name":"subSuite","value":"TestUserCases"},{"name":"host","value":"ca609b3f6c99"},{"name":"thread","value":"19-MainThread"},{"name":"framework","value":"pytest"},{"name":"language","value":"cpython3"},{"name":"package","value":"tests.test_excursium"},{"name":"resultFormat","value":"allure2"}],"parameters":[],"links":[],"hidden":false,"retry":false,"extra":{"severity":"normal","retries":[],"categories":[{"name":"Test defects","matchedStatuses":[],"flaky":false}],"history":{"statistic":{"failed":0,"broken":9,"skipped":0,"passed":19,"unknown":0,"total":28},"items":[{"uid":"cd6f94f05666a379","status":"broken","statusDetails":"selenium.common.exceptions.ElementClickInterceptedException: Message: element click intercepted: Element is not clickable at point (1247, 4214)\n  (Session info: chrome=138.0.7204.168); For documentation on this error, please visit: https://www.selenium.dev/documentation/webdriver/troubleshooting/errors#elementclickinterceptedexception\nStacktrace:\n#0 0x555f4219570e <unknown>\n#1 0x555f41c31a51 <unknown>\n#2 0x555f41c82701 <unknown>\n#3 0x555f41c80cb9 <unknown>\n#4 0x555f41c7e851 <unknown>\n#5 0x555f41c7dfe3 <unknown>\n#6 0x555f41c7291a <unknown>\n#7 0x555f41c9fff2 <unknown>\n#8 0x555f41c720fd <unknown>\n#9 0x555f41ca01be <unknown>\n#10 0x555f41cbf444 <unknown>\n#11 0x555f41c9fdc3 <unknown>\n#12 0x555f41c70959 <unknown>\n#13 0x555f41c714c1 <unknown>\n#14 0x555f421618aa <unknown>\n#15 0x555f42164c11 <unknown>\n#16 0x555f421646a8 <unknown>\n#17 0x555f421650b5 <unknown>\n#18 0x555f4214b34c <unknown>\n#19 0x555f42165421 <unknown>\n#20 0x555f42133e2a <unknown>\n#21 0x555f42183855 <unknown>\n#22 0x555f42183a4e <unknown>\n#23 0x555f421949f5 <unknown>\n#24 0x7f0ee2f831f5 <unknown>","time":{"start":1753448842969,"stop":1753448849242,"duration":6273}},{"uid":"a3f448ea502333da","status":"broken","statusDetails":"selenium.common.exceptions.ElementClickInterceptedException: Message: element click intercepted: Element is not clickable at point (1247, 4056)\n  (Session info: chrome=138.0.7204.168); For documentation on this error, please visit: https://www.selenium.dev/documentation/webdriver/troubleshooting/errors#elementclickinterceptedexception\nStacktrace:\n#0 0x55eae1d2070e <unknown>\n#1 0x55eae17bca51 <unknown>\n#2 0x55eae180d701 <unknown>\n#3 0x55eae180bcb9 <unknown>\n#4 0x55eae1809851 <unknown>\n#5 0x55eae1808fe3 <unknown>\n#6 0x55eae17fd91a <unknown>\n#7 0x55eae182aff2 <unknown>\n#8 0x55eae17fd0fd <unknown>\n#9 0x55eae182b1be <unknown>\n#10 0x55eae184a444 <unknown>\n#11 0x55eae182adc3 <unknown>\n#12 0x55eae17fb959 <unknown>\n#13 0x55eae17fc4c1 <unknown>\n#14 0x55eae1cec8aa <unknown>\n#15 0x55eae1cefc11 <unknown>\n#16 0x55eae1cef6a8 <unknown>\n#17 0x55eae1cf00b5 <unknown>\n#18 0x55eae1cd634c <unknown>\n#19 0x55eae1cf0421 <unknown>\n#20 0x55eae1cbee2a <unknown>\n#21 0x55eae1d0e855 <unknown>\n#22 0x55eae1d0ea4e <unknown>\n#23 0x55eae1d1f9f5 <unknown>\n#24 0x7fea5a8651f5 <unknown>","time":{"start":1753448608859,"stop":1753448615438,"duration":6579}},{"uid":"fcc9a2117f4528e","status":"passed","time":{"start":1753448215877,"stop":1753448222833,"duration":6956}},{"uid":"b6cc0d48019cb19f","status":"broken","statusDetails":"selenium.common.exceptions.ElementClickInterceptedException: Message: element click intercepted: Element is not clickable at point (1247, 4247)\n  (Session info: chrome=138.0.7204.157); For documentation on this error, please visit: https://www.selenium.dev/documentation/webdriver/troubleshooting/errors#elementclickinterceptedexception","time":{"start":1753446781972,"stop":1753446792889,"duration":10917}},{"uid":"4a48ba7914300eac","status":"broken","statusDetails":"selenium.common.exceptions.ElementClickInterceptedException: Message: element click intercepted: Element is not clickable at point (1247, 4243)\n  (Session info: chrome=138.0.7204.157); For documentation on this error, please visit: https://www.selenium.dev/documentation/webdriver/troubleshooting/errors#elementclickinterceptedexception\nStacktrace:\n#0 0x556fe3fc87da <unknown>\n#1 0x556fe3a6d2e0 <unknown>\n#2 0x556fe3ac5c6c <unknown>\n#3 0x556fe3ac3ad2 <unknown>\n#4 0x556fe3ac1172 <unknown>\n#5 0x556fe3ac0890 <unknown>\n#6 0x556fe3ab30ea <unknown>\n#7 0x556fe3ae48b2 <unknown>\n#8 0x556fe3ab2a6a <unknown>\n#9 0x556fe3ae4a7e <unknown>\n#10 0x556fe3b0a71c <unknown>\n#11 0x556fe3ae4683 <unknown>\n#12 0x556fe3ab0b5b <unknown>\n#13 0x556fe3ab1f31 <unknown>\n#14 0x556fe3f8d72b <unknown>\n#15 0x556fe3f91534 <unknown>\n#16 0x556fe3f74229 <unknown>\n#17 0x556fe3f920d8 <unknown>\n#18 0x556fe3f5861f <unknown>\n#19 0x556fe3fb5dd8 <unknown>\n#20 0x556fe3fb5fb6 <unknown>\n#21 0x556fe3fc7af6 <unknown>\n#22 0x7f73a4b96aa4 <unknown>\n#23 0x7f73a4c23a34 __clone","time":{"start":1753445587777,"stop":1753445593056,"duration":5279}},{"uid":"87890b99ea70d024","status":"broken","statusDetails":"selenium.common.exceptions.ElementClickInterceptedException: Message: element click intercepted: Element is not clickable at point (1247, 4235)\n  (Session info: chrome=138.0.7204.157); For documentation on this error, please visit: https://www.selenium.dev/documentation/webdriver/troubleshooting/errors#elementclickinterceptedexception","time":{"start":1753444258274,"stop":1753444264846,"duration":6572}},{"uid":"83626fc0397401e1","status":"broken","statusDetails":"selenium.common.exceptions.ElementClickInterceptedException: Message: element click intercepted: Element is not clickable at point (1247, 4052)\n  (Session info: chrome=138.0.7204.168); For documentation on this error, please visit: https://www.selenium.dev/documentation/webdriver/troubleshooting/errors#elementclickinterceptedexception\nStacktrace:\n#0 0x55a48eeba70e <unknown>\n#1 0x55a48e956a51 <unknown>\n#2 0x55a48e9a7701 <unknown>\n#3 0x55a48e9a5cb9 <unknown>\n#4 0x55a48e9a3851 <unknown>\n#5 0x55a48e9a2fe3 <unknown>\n#6 0x55a48e99791a <unknown>\n#7 0x55a48e9c4ff2 <unknown>\n#8 0x55a48e9970fd <unknown>\n#9 0x55a48e9c51be <unknown>\n#10 0x55a48e9e4444 <unknown>\n#11 0x55a48e9c4dc3 <unknown>\n#12 0x55a48e995959 <unknown>\n#13 0x55a48e9964c1 <unknown>\n#14 0x55a48ee868aa <unknown>\n#15 0x55a48ee89c11 <unknown>\n#16 0x55a48ee896a8 <unknown>\n#17 0x55a48ee8a0b5 <unknown>\n#18 0x55a48ee7034c <unknown>\n#19 0x55a48ee8a421 <unknown>\n#20 0x55a48ee58e2a <unknown>\n#21 0x55a48eea8855 <unknown>\n#22 0x55a48eea8a4e <unknown>\n#23 0x55a48eeb99f5 <unknown>\n#24 0x7fe2bc9481f5 <unknown>","time":{"start":1753435553128,"stop":1753435561190,"duration":8062}},{"uid":"1e61eb2774632203","status":"passed","time":{"start":1753434844313,"stop":1753434852462,"duration":8149}},{"uid":"23b2ef80de5dd263","status":"passed","time":{"start":1753433685033,"stop":1753433700313,"duration":15280}},{"uid":"d1146af39f81bf47","status":"broken","statusDetails":"selenium.common.exceptions.ElementClickInterceptedException: Message: element click intercepted: Element is not clickable at point (1247, 1001)\n  (Session info: chrome=138.0.7204.168); For documentation on this error, please visit: https://www.selenium.dev/documentation/webdriver/troubleshooting/errors#elementclickinterceptedexception\nStacktrace:\n#0 0x55c1f743070e <unknown>\n#1 0x55c1f6ecca51 <unknown>\n#2 0x55c1f6f1d701 <unknown>\n#3 0x55c1f6f1bcb9 <unknown>\n#4 0x55c1f6f19851 <unknown>\n#5 0x55c1f6f18fe3 <unknown>\n#6 0x55c1f6f0d91a <unknown>\n#7 0x55c1f6f3aff2 <unknown>\n#8 0x55c1f6f0d0fd <unknown>\n#9 0x55c1f6f3b1be <unknown>\n#10 0x55c1f6f5a444 <unknown>\n#11 0x55c1f6f3adc3 <unknown>\n#12 0x55c1f6f0b959 <unknown>\n#13 0x55c1f6f0c4c1 <unknown>\n#14 0x55c1f73fc8aa <unknown>\n#15 0x55c1f73ffc11 <unknown>\n#16 0x55c1f73ff6a8 <unknown>\n#17 0x55c1f74000b5 <unknown>\n#18 0x55c1f73e634c <unknown>\n#19 0x55c1f7400421 <unknown>\n#20 0x55c1f73cee2a <unknown>\n#21 0x55c1f741e855 <unknown>\n#22 0x55c1f741ea4e <unknown>\n#23 0x55c1f742f9f5 <unknown>\n#24 0x7f97ac4941c4 <unknown>","time":{"start":1753432666386,"stop":1753432679608,"duration":13222}},{"uid":"ea048ab5fde16e1a","status":"passed","time":{"start":1753432044066,"stop":1753432059013,"duration":14947}},{"uid":"b1283b0c5ea84fdc","status":"passed","time":{"start":1753427744914,"stop":1753427752631,"duration":7717}},{"uid":"78c2f3500c4716f1","status":"passed","time":{"start":1753427281876,"stop":1753427289624,"duration":7748}},{"uid":"4400e098f3902028","status":"passed","time":{"start":1753426896550,"stop":1753426902760,"duration":6210}},{"uid":"e8f80702276dfeb9","status":"passed","time":{"start":1753426651334,"stop":1753426663591,"duration":12257}},{"uid":"d74840f7f35eebc7","status":"passed","time":{"start":1753425904376,"stop":1753425912319,"duration":7943}},{"uid":"ce3e208d23fb89b2","status":"passed","time":{"start":1753425617918,"stop":1753425625910,"duration":7992}},{"uid":"f5f0f613963a22c1","status":"passed","time":{"start":1753422520858,"stop":1753422527057,"duration":6199}},{"uid":"ddc802b1956ea700","status":"passed","time":{"start":1753422166092,"stop":1753422172136,"duration":6044}},{"uid":"edd9b5b84a7b3156","status":"passed","time":{"start":1753421234472,"stop":1753421240684,"duration":6212}}]},"tags":["user_case"]},"source":"b81970274b6d681b.json","parameterValues":[]}