{"uid":"ea771db0f477d9a1","name":"Оформление экскурсии","fullName":"tests.test_excursium.TestUserCases#test_order_excursion","historyId":"8dbe8db0514bd0080803b2e3e65bae34","time":{"start":1753449314726,"stop":1753449323115,"duration":8389},"description":"Переход с главной страницы к экскурсиям с дальнейшим оформлением одной из них (юзер-сценарий)","descriptionHtml":"<p>Переход с главной страницы к экскурсиям с дальнейшим оформлением одной из них (юзер-сценарий)</p>\n","status":"broken","statusMessage":"TypeError: 'bool' object is not callable","statusTrace":"self = <test_excursium.TestUserCases object at 0x7febb9d92e90>\ndriver = <selenium.webdriver.chrome.webdriver.WebDriver (session=\"6ab20d649fc1a7e898d471642e282fca\")>\n\n    @allure.title(\"Оформление экскурсии\")\n    @allure.severity(\"Critical\")\n    @pytest.mark.user_case\n    def test_order_excursion(self, driver):\n        \"\"\"Переход с главной страницы к экскурсиям с дальнейшим оформлением одной из них (юзер-сценарий)\"\"\"\n        excursion_page = ExcursionPage(driver)\n        main_page = MainPage(driver)\n    \n        with allure.step(\"Открываем страницу\"):\n            driver.get(config.base_url)\n    \n        with allure.step(\"Переходим на страницу с экскурсиями\"):\n            driver.find_element(*main_page.all_excursion_btn).click()\n    \n        with allure.step(\"Переходим на страницу первой экскурсии списка\"):\n            first_excursion = main_page.excursions()[0]\n            first_excursion.click()\n    \n        # change the handle\n        excursion_page.move_last_handle()\n        page_url = driver.current_url\n    \n        # scroll to order button and click\n        order_button = driver.find_element(*excursion_page.order_button)\n        excursion_page.scroll_to(order_button)\n    \n        with allure.step(\"Кликаем на кнопку заказа\"):\n            order_button.click()\n    \n        with allure.step(\"Ждем и проверяем открытие окна\"):\n            order_window = driver.find_element(*excursion_page.order_window)\n            main_page.wait.until(lambda x: order_window.is_displayed())\n    \n        with (allure.step(\"Заполняем поля корректными данными\")):\n            driver.find_element(*excursion_page.date_field).click()\n            first_day = driver.find_elements(\"xpath\", \"//div/span[@class='flatpickr-day ']\")[0]\n>           main_page.wait.until(main_page.is_clickable(first_day))\n\ntests/test_excursium.py:76: \n_ _ _ _ _ _ _ _ _ _ _ _ _ _ _ _ _ _ _ _ _ _ _ _ _ _ _ _ _ _ _ _ _ _ _ _ _ _ _ _ \n\nself = <selenium.webdriver.support.wait.WebDriverWait (session=\"6ab20d649fc1a7e898d471642e282fca\")>\nmethod = True, message = ''\n\n    def until(self, method: Callable[[D], Union[Literal[False], T]], message: str = \"\") -> T:\n        \"\"\"Wait until the method returns a value that is not False.\n    \n        Calls the method provided with the driver as an argument until the\n        return value does not evaluate to ``False``.\n    \n        Parameters:\n        -----------\n        method: callable(WebDriver)\n            - A callable object that takes a WebDriver instance as an argument.\n    \n        message: str\n            - Optional message for :exc:`TimeoutException`\n    \n        Return:\n        -------\n        object: T\n            - The result of the last call to `method`\n    \n        Raises:\n        -------\n        TimeoutException\n            - If 'method' does not return a truthy value within the WebDriverWait\n            object's timeout\n    \n        Example:\n        --------\n        >>> from selenium.webdriver.common.by import By\n        >>> from selenium.webdriver.support.ui import WebDriverWait\n        >>> from selenium.webdriver.support import expected_conditions as EC\n    \n        # Wait until an element is visible on the page\n        >>> wait = WebDriverWait(driver, 10)\n        >>> element = wait.until(EC.visibility_of_element_located((By.ID, \"exampleId\")))\n        >>> print(element.text)\n        \"\"\"\n        screen = None\n        stacktrace = None\n    \n        end_time = time.monotonic() + self._timeout\n        while True:\n            try:\n>               value = method(self._driver)\n                        ^^^^^^^^^^^^^^^^^^^^\nE               TypeError: 'bool' object is not callable\n\n/usr/local/lib/python3.13/site-packages/selenium/webdriver/support/wait.py:129: TypeError","flaky":false,"newFailed":false,"newBroken":false,"newPassed":false,"retriesCount":0,"retriesStatusChange":false,"beforeStages":[{"name":"driver","time":{"start":1753449314386,"stop":1753449314725,"duration":339},"status":"passed","steps":[],"attachments":[],"parameters":[],"shouldDisplayMessage":false,"stepsCount":0,"attachmentsCount":0,"hasContent":false,"attachmentStep":false}],"testStage":{"description":"Переход с главной страницы к экскурсиям с дальнейшим оформлением одной из них (юзер-сценарий)","status":"broken","statusMessage":"TypeError: 'bool' object is not callable","statusTrace":"self = <test_excursium.TestUserCases object at 0x7febb9d92e90>\ndriver = <selenium.webdriver.chrome.webdriver.WebDriver (session=\"6ab20d649fc1a7e898d471642e282fca\")>\n\n    @allure.title(\"Оформление экскурсии\")\n    @allure.severity(\"Critical\")\n    @pytest.mark.user_case\n    def test_order_excursion(self, driver):\n        \"\"\"Переход с главной страницы к экскурсиям с дальнейшим оформлением одной из них (юзер-сценарий)\"\"\"\n        excursion_page = ExcursionPage(driver)\n        main_page = MainPage(driver)\n    \n        with allure.step(\"Открываем страницу\"):\n            driver.get(config.base_url)\n    \n        with allure.step(\"Переходим на страницу с экскурсиями\"):\n            driver.find_element(*main_page.all_excursion_btn).click()\n    \n        with allure.step(\"Переходим на страницу первой экскурсии списка\"):\n            first_excursion = main_page.excursions()[0]\n            first_excursion.click()\n    \n        # change the handle\n        excursion_page.move_last_handle()\n        page_url = driver.current_url\n    \n        # scroll to order button and click\n        order_button = driver.find_element(*excursion_page.order_button)\n        excursion_page.scroll_to(order_button)\n    \n        with allure.step(\"Кликаем на кнопку заказа\"):\n            order_button.click()\n    \n        with allure.step(\"Ждем и проверяем открытие окна\"):\n            order_window = driver.find_element(*excursion_page.order_window)\n            main_page.wait.until(lambda x: order_window.is_displayed())\n    \n        with (allure.step(\"Заполняем поля корректными данными\")):\n            driver.find_element(*excursion_page.date_field).click()\n            first_day = driver.find_elements(\"xpath\", \"//div/span[@class='flatpickr-day ']\")[0]\n>           main_page.wait.until(main_page.is_clickable(first_day))\n\ntests/test_excursium.py:76: \n_ _ _ _ _ _ _ _ _ _ _ _ _ _ _ _ _ _ _ _ _ _ _ _ _ _ _ _ _ _ _ _ _ _ _ _ _ _ _ _ \n\nself = <selenium.webdriver.support.wait.WebDriverWait (session=\"6ab20d649fc1a7e898d471642e282fca\")>\nmethod = True, message = ''\n\n    def until(self, method: Callable[[D], Union[Literal[False], T]], message: str = \"\") -> T:\n        \"\"\"Wait until the method returns a value that is not False.\n    \n        Calls the method provided with the driver as an argument until the\n        return value does not evaluate to ``False``.\n    \n        Parameters:\n        -----------\n        method: callable(WebDriver)\n            - A callable object that takes a WebDriver instance as an argument.\n    \n        message: str\n            - Optional message for :exc:`TimeoutException`\n    \n        Return:\n        -------\n        object: T\n            - The result of the last call to `method`\n    \n        Raises:\n        -------\n        TimeoutException\n            - If 'method' does not return a truthy value within the WebDriverWait\n            object's timeout\n    \n        Example:\n        --------\n        >>> from selenium.webdriver.common.by import By\n        >>> from selenium.webdriver.support.ui import WebDriverWait\n        >>> from selenium.webdriver.support import expected_conditions as EC\n    \n        # Wait until an element is visible on the page\n        >>> wait = WebDriverWait(driver, 10)\n        >>> element = wait.until(EC.visibility_of_element_located((By.ID, \"exampleId\")))\n        >>> print(element.text)\n        \"\"\"\n        screen = None\n        stacktrace = None\n    \n        end_time = time.monotonic() + self._timeout\n        while True:\n            try:\n>               value = method(self._driver)\n                        ^^^^^^^^^^^^^^^^^^^^\nE               TypeError: 'bool' object is not callable\n\n/usr/local/lib/python3.13/site-packages/selenium/webdriver/support/wait.py:129: TypeError","steps":[{"name":"Открываем страницу","time":{"start":1753449314726,"stop":1753449318322,"duration":3596},"status":"passed","steps":[],"attachments":[],"parameters":[],"shouldDisplayMessage":false,"stepsCount":0,"attachmentsCount":0,"hasContent":false,"attachmentStep":false},{"name":"Переходим на страницу с экскурсиями","time":{"start":1753449318322,"stop":1753449321419,"duration":3097},"status":"passed","steps":[],"attachments":[],"parameters":[],"shouldDisplayMessage":false,"stepsCount":0,"attachmentsCount":0,"hasContent":false,"attachmentStep":false},{"name":"Переходим на страницу первой экскурсии списка","time":{"start":1753449321419,"stop":1753449321504,"duration":85},"status":"passed","steps":[{"name":"Получаем список экскурсий","time":{"start":1753449321419,"stop":1753449321435,"duration":16},"status":"passed","steps":[],"attachments":[],"parameters":[],"shouldDisplayMessage":false,"stepsCount":0,"attachmentsCount":0,"hasContent":false,"attachmentStep":false}],"attachments":[],"parameters":[],"shouldDisplayMessage":false,"stepsCount":1,"attachmentsCount":0,"hasContent":true,"attachmentStep":false},{"name":"Переходим на открытую вкладку","time":{"start":1753449321504,"stop":1753449321511,"duration":7},"status":"passed","steps":[],"attachments":[],"parameters":[],"shouldDisplayMessage":false,"stepsCount":0,"attachmentsCount":0,"hasContent":false,"attachmentStep":false},{"name":"Скроллим до элемента","time":{"start":1753449322219,"stop":1753449322242,"duration":23},"status":"passed","steps":[],"attachments":[],"parameters":[],"shouldDisplayMessage":false,"stepsCount":0,"attachmentsCount":0,"hasContent":false,"attachmentStep":false},{"name":"Кликаем на кнопку заказа","time":{"start":1753449322242,"stop":1753449322375,"duration":133},"status":"passed","steps":[],"attachments":[],"parameters":[],"shouldDisplayMessage":false,"stepsCount":0,"attachmentsCount":0,"hasContent":false,"attachmentStep":false},{"name":"Ждем и проверяем открытие окна","time":{"start":1753449322375,"stop":1753449322995,"duration":620},"status":"passed","steps":[],"attachments":[],"parameters":[],"shouldDisplayMessage":false,"stepsCount":0,"attachmentsCount":0,"hasContent":false,"attachmentStep":false},{"name":"Заполняем поля корректными данными","time":{"start":1753449322995,"stop":1753449323114,"duration":119},"status":"broken","statusMessage":"TypeError: 'bool' object is not callable\n","statusTrace":"  File \"/app/tests/test_excursium.py\", line 76, in test_order_excursion\n    main_page.wait.until(main_page.is_clickable(first_day))\n    ~~~~~~~~~~~~~~~~~~~~^^^^^^^^^^^^^^^^^^^^^^^^^^^^^^^^^^^\n  File \"/usr/local/lib/python3.13/site-packages/selenium/webdriver/support/wait.py\", line 129, in until\n    value = method(self._driver)\n","steps":[{"name":"Проверяем кликабелен ли элемент","time":{"start":1753449323099,"stop":1753449323114,"duration":15},"status":"passed","steps":[],"attachments":[],"parameters":[],"shouldDisplayMessage":false,"stepsCount":0,"attachmentsCount":0,"hasContent":false,"attachmentStep":false}],"attachments":[],"parameters":[],"shouldDisplayMessage":true,"stepsCount":1,"attachmentsCount":0,"hasContent":true,"attachmentStep":false}],"attachments":[{"uid":"edeefa4b57dba57e","name":"Скриншот при падении","source":"edeefa4b57dba57e.png","type":"image/png","size":459348}],"parameters":[],"shouldDisplayMessage":true,"stepsCount":10,"attachmentsCount":1,"hasContent":true,"attachmentStep":false},"afterStages":[{"name":"driver::0","time":{"start":1753449323438,"stop":1753449323504,"duration":66},"status":"passed","steps":[],"attachments":[],"parameters":[],"shouldDisplayMessage":false,"stepsCount":0,"attachmentsCount":0,"hasContent":false,"attachmentStep":false}],"labels":[{"name":"severity","value":"Critical"},{"name":"feature","value":"Пользовательские сценарии"},{"name":"tag","value":"user_case"},{"name":"parentSuite","value":"tests"},{"name":"suite","value":"test_excursium"},{"name":"subSuite","value":"TestUserCases"},{"name":"host","value":"ca609b3f6c99"},{"name":"thread","value":"19-MainThread"},{"name":"framework","value":"pytest"},{"name":"language","value":"cpython3"},{"name":"package","value":"tests.test_excursium"},{"name":"resultFormat","value":"allure2"}],"parameters":[],"links":[],"hidden":false,"retry":false,"extra":{"severity":"critical","retries":[],"categories":[{"name":"Test defects","matchedStatuses":[],"flaky":false}],"history":{"statistic":{"failed":0,"broken":13,"skipped":0,"passed":15,"unknown":0,"total":28},"items":[{"uid":"14bfed14649f1e51","status":"broken","statusDetails":"selenium.common.exceptions.ElementNotInteractableException: Message: element not interactable\n  (Session info: chrome=138.0.7204.168); For documentation on this error, please visit: https://www.selenium.dev/documentation/webdriver/troubleshooting/errors#elementnotinteractableexception\nStacktrace:\n#0 0x55a18bd7070e <unknown>\n#1 0x55a18b80c7dc <unknown>\n#2 0x55a18b858d04 <unknown>\n#3 0x55a18b84d91a <unknown>\n#4 0x55a18b87aff2 <unknown>\n#5 0x55a18b84d0fd <unknown>\n#6 0x55a18b87b1be <unknown>\n#7 0x55a18b89a444 <unknown>\n#8 0x55a18b87adc3 <unknown>\n#9 0x55a18b84b959 <unknown>\n#10 0x55a18b84c4c1 <unknown>\n#11 0x55a18bd3c8aa <unknown>\n#12 0x55a18bd3fc11 <unknown>\n#13 0x55a18bd3f6a8 <unknown>\n#14 0x55a18bd400b5 <unknown>\n#15 0x55a18bd2634c <unknown>\n#16 0x55a18bd40421 <unknown>\n#17 0x55a18bd0ee2a <unknown>\n#18 0x55a18bd5e855 <unknown>\n#19 0x55a18bd5ea4e <unknown>\n#20 0x55a18bd6f9f5 <unknown>\n#21 0x7f4358d591f5 <unknown>","time":{"start":1753448821662,"stop":1753448842295,"duration":20633}},{"uid":"b02cf088be2ecf3b","status":"broken","statusDetails":"selenium.common.exceptions.ElementNotInteractableException: Message: element not interactable\n  (Session info: chrome=138.0.7204.168); For documentation on this error, please visit: https://www.selenium.dev/documentation/webdriver/troubleshooting/errors#elementnotinteractableexception\nStacktrace:\n#0 0x562c8445770e <unknown>\n#1 0x562c83ef37dc <unknown>\n#2 0x562c83f3fd04 <unknown>\n#3 0x562c83f3491a <unknown>\n#4 0x562c83f61ff2 <unknown>\n#5 0x562c83f340fd <unknown>\n#6 0x562c83f621be <unknown>\n#7 0x562c83f81444 <unknown>\n#8 0x562c83f61dc3 <unknown>\n#9 0x562c83f32959 <unknown>\n#10 0x562c83f334c1 <unknown>\n#11 0x562c844238aa <unknown>\n#12 0x562c84426c11 <unknown>\n#13 0x562c844266a8 <unknown>\n#14 0x562c844270b5 <unknown>\n#15 0x562c8440d34c <unknown>\n#16 0x562c84427421 <unknown>\n#17 0x562c843f5e2a <unknown>\n#18 0x562c84445855 <unknown>\n#19 0x562c84445a4e <unknown>\n#20 0x562c844569f5 <unknown>\n#21 0x7f4a528461f5 <unknown>","time":{"start":1753448590474,"stop":1753448608115,"duration":17641}},{"uid":"34a5e6a26c2b8954","status":"passed","time":{"start":1753448206355,"stop":1753448215424,"duration":9069}},{"uid":"6dae06a677663706","status":"passed","time":{"start":1753446770101,"stop":1753446781511,"duration":11410}},{"uid":"cf50134b01539cd","status":"broken","statusDetails":"selenium.common.exceptions.ElementNotInteractableException: Message: element not interactable\n  (Session info: chrome=138.0.7204.157); For documentation on this error, please visit: https://www.selenium.dev/documentation/webdriver/troubleshooting/errors#elementnotinteractableexception\nStacktrace:\n#0 0x5558bd7bb7da <unknown>\n#1 0x5558bd260133 <unknown>\n#2 0x5558bd2b300e <unknown>\n#3 0x5558bd2a60ea <unknown>\n#4 0x5558bd2d78b2 <unknown>\n#5 0x5558bd2a5a6a <unknown>\n#6 0x5558bd2d7a7e <unknown>\n#7 0x5558bd2fd71c <unknown>\n#8 0x5558bd2d7683 <unknown>\n#9 0x5558bd2a3b5b <unknown>\n#10 0x5558bd2a4f31 <unknown>\n#11 0x5558bd78072b <unknown>\n#12 0x5558bd784534 <unknown>\n#13 0x5558bd767229 <unknown>\n#14 0x5558bd7850d8 <unknown>\n#15 0x5558bd74b61f <unknown>\n#16 0x5558bd7a8dd8 <unknown>\n#17 0x5558bd7a8fb6 <unknown>\n#18 0x5558bd7baaf6 <unknown>\n#19 0x7f89e64a7aa4 <unknown>\n#20 0x7f89e6534a34 __clone","time":{"start":1753445571489,"stop":1753445587089,"duration":15600}},{"uid":"70c75deb9c9f10b8","status":"broken","statusDetails":"selenium.common.exceptions.ElementNotInteractableException: Message: element not interactable\n  (Session info: chrome=138.0.7204.157); For documentation on this error, please visit: https://www.selenium.dev/documentation/webdriver/troubleshooting/errors#elementnotinteractableexception","time":{"start":1753444241050,"stop":1753444257459,"duration":16409}},{"uid":"387143462b7db5b7","status":"passed","time":{"start":1753435545247,"stop":1753435552727,"duration":7480}},{"uid":"a05d3fbffb6ae82","status":"passed","time":{"start":1753434829036,"stop":1753434843877,"duration":14841}},{"uid":"8b53ffa05147969a","status":"passed","time":{"start":1753433665951,"stop":1753433684610,"duration":18659}},{"uid":"e901bea03758668f","status":"passed","time":{"start":1753432650582,"stop":1753432665991,"duration":15409}},{"uid":"6e52816149cbeeb9","status":"passed","time":{"start":1753432024325,"stop":1753432043631,"duration":19306}},{"uid":"f1da4ae8fdd77f26","status":"passed","time":{"start":1753427731060,"stop":1753427744512,"duration":13452}},{"uid":"9880aebc343b10aa","status":"passed","time":{"start":1753427265432,"stop":1753427280467,"duration":15035}},{"uid":"7f89638b4879642d","status":"passed","time":{"start":1753426885528,"stop":1753426896142,"duration":10614}},{"uid":"9837eab9e48cae77","status":"passed","time":{"start":1753426639563,"stop":1753426650922,"duration":11359}},{"uid":"d2e7eeaf1ae43a9a","status":"broken","statusDetails":"selenium.common.exceptions.ElementNotInteractableException: Message: element not interactable\n  (Session info: chrome=138.0.7204.168); For documentation on this error, please visit: https://www.selenium.dev/documentation/webdriver/troubleshooting/errors#elementnotinteractableexception\nStacktrace:\n#0 0x55ccac9d770e <unknown>\n#1 0x55ccac4737dc <unknown>\n#2 0x55ccac4bfd04 <unknown>\n#3 0x55ccac4b491a <unknown>\n#4 0x55ccac4e1ff2 <unknown>\n#5 0x55ccac4b40fd <unknown>\n#6 0x55ccac4e21be <unknown>\n#7 0x55ccac501444 <unknown>\n#8 0x55ccac4e1dc3 <unknown>\n#9 0x55ccac4b2959 <unknown>\n#10 0x55ccac4b34c1 <unknown>\n#11 0x55ccac9a38aa <unknown>\n#12 0x55ccac9a6c11 <unknown>\n#13 0x55ccac9a66a8 <unknown>\n#14 0x55ccac9a70b5 <unknown>\n#15 0x55ccac98d34c <unknown>\n#16 0x55ccac9a7421 <unknown>\n#17 0x55ccac975e2a <unknown>\n#18 0x55ccac9c5855 <unknown>\n#19 0x55ccac9c5a4e <unknown>\n#20 0x55ccac9d69f5 <unknown>\n#21 0x7f6e5c24f1c4 <unknown>","time":{"start":1753425884318,"stop":1753425903660,"duration":19342}},{"uid":"43126c817f168c74","status":"broken","statusDetails":"selenium.common.exceptions.ElementNotInteractableException: Message: element not interactable\n  (Session info: chrome=138.0.7204.168); For documentation on this error, please visit: https://www.selenium.dev/documentation/webdriver/troubleshooting/errors#elementnotinteractableexception\nStacktrace:\n#0 0x56400c8b970e <unknown>\n#1 0x56400c3557dc <unknown>\n#2 0x56400c3a1d04 <unknown>\n#3 0x56400c39691a <unknown>\n#4 0x56400c3c3ff2 <unknown>\n#5 0x56400c3960fd <unknown>\n#6 0x56400c3c41be <unknown>\n#7 0x56400c3e3444 <unknown>\n#8 0x56400c3c3dc3 <unknown>\n#9 0x56400c394959 <unknown>\n#10 0x56400c3954c1 <unknown>\n#11 0x56400c8858aa <unknown>\n#12 0x56400c888c11 <unknown>\n#13 0x56400c8886a8 <unknown>\n#14 0x56400c8890b5 <unknown>\n#15 0x56400c86f34c <unknown>\n#16 0x56400c889421 <unknown>\n#17 0x56400c857e2a <unknown>\n#18 0x56400c8a7855 <unknown>\n#19 0x56400c8a7a4e <unknown>\n#20 0x56400c8b89f5 <unknown>\n#21 0x7f5be4a1c1c4 <unknown>","time":{"start":1753425598550,"stop":1753425617212,"duration":18662}},{"uid":"5dc82a3474263f97","status":"broken","statusDetails":"selenium.common.exceptions.ElementNotInteractableException: Message: element not interactable\n  (Session info: chrome=138.0.7204.168); For documentation on this error, please visit: https://www.selenium.dev/documentation/webdriver/troubleshooting/errors#elementnotinteractableexception\nStacktrace:\n#0 0x55fc9d4a370e <unknown>\n#1 0x55fc9cf3f7dc <unknown>\n#2 0x55fc9cf8bd04 <unknown>\n#3 0x55fc9cf8091a <unknown>\n#4 0x55fc9cfadff2 <unknown>\n#5 0x55fc9cf800fd <unknown>\n#6 0x55fc9cfae1be <unknown>\n#7 0x55fc9cfcd444 <unknown>\n#8 0x55fc9cfaddc3 <unknown>\n#9 0x55fc9cf7e959 <unknown>\n#10 0x55fc9cf7f4c1 <unknown>\n#11 0x55fc9d46f8aa <unknown>\n#12 0x55fc9d472c11 <unknown>\n#13 0x55fc9d4726a8 <unknown>\n#14 0x55fc9d4730b5 <unknown>\n#15 0x55fc9d45934c <unknown>\n#16 0x55fc9d473421 <unknown>\n#17 0x55fc9d441e2a <unknown>\n#18 0x55fc9d491855 <unknown>\n#19 0x55fc9d491a4e <unknown>\n#20 0x55fc9d4a29f5 <unknown>\n#21 0x7fd7affe21c4 <unknown>","time":{"start":1753422501914,"stop":1753422520167,"duration":18253}},{"uid":"9fba7ac8b6da326a","status":"broken","statusDetails":"selenium.common.exceptions.ElementNotInteractableException: Message: element not interactable\n  (Session info: chrome=138.0.7204.168); For documentation on this error, please visit: https://www.selenium.dev/documentation/webdriver/troubleshooting/errors#elementnotinteractableexception\nStacktrace:\n#0 0x56303679570e <unknown>\n#1 0x5630362317dc <unknown>\n#2 0x56303627dd04 <unknown>\n#3 0x56303627291a <unknown>\n#4 0x56303629fff2 <unknown>\n#5 0x5630362720fd <unknown>\n#6 0x5630362a01be <unknown>\n#7 0x5630362bf444 <unknown>\n#8 0x56303629fdc3 <unknown>\n#9 0x563036270959 <unknown>\n#10 0x5630362714c1 <unknown>\n#11 0x5630367618aa <unknown>\n#12 0x563036764c11 <unknown>\n#13 0x5630367646a8 <unknown>\n#14 0x5630367650b5 <unknown>\n#15 0x56303674b34c <unknown>\n#16 0x563036765421 <unknown>\n#17 0x563036733e2a <unknown>\n#18 0x563036783855 <unknown>\n#19 0x563036783a4e <unknown>\n#20 0x5630367949f5 <unknown>\n#21 0x7f65227511c4 <unknown>","time":{"start":1753422147232,"stop":1753422165392,"duration":18160}},{"uid":"eb402cc2ef805bd4","status":"broken","statusDetails":"selenium.common.exceptions.ElementNotInteractableException: Message: element not interactable\n  (Session info: chrome=138.0.7204.168); For documentation on this error, please visit: https://www.selenium.dev/documentation/webdriver/troubleshooting/errors#elementnotinteractableexception\nStacktrace:\n#0 0x55c9396be70e <unknown>\n#1 0x55c93915a7dc <unknown>\n#2 0x55c9391a6d04 <unknown>\n#3 0x55c93919b91a <unknown>\n#4 0x55c9391c8ff2 <unknown>\n#5 0x55c93919b0fd <unknown>\n#6 0x55c9391c91be <unknown>\n#7 0x55c9391e8444 <unknown>\n#8 0x55c9391c8dc3 <unknown>\n#9 0x55c939199959 <unknown>\n#10 0x55c93919a4c1 <unknown>\n#11 0x55c93968a8aa <unknown>\n#12 0x55c93968dc11 <unknown>\n#13 0x55c93968d6a8 <unknown>\n#14 0x55c93968e0b5 <unknown>\n#15 0x55c93967434c <unknown>\n#16 0x55c93968e421 <unknown>\n#17 0x55c93965ce2a <unknown>\n#18 0x55c9396ac855 <unknown>\n#19 0x55c9396aca4e <unknown>\n#20 0x55c9396bd9f5 <unknown>\n#21 0x7f035f7291c4 <unknown>","time":{"start":1753421215212,"stop":1753421233803,"duration":18591}}]},"tags":["user_case"]},"source":"ea771db0f477d9a1.json","parameterValues":[]}